2026-01-05 17:43:44.506 [background-preinit] INFO  o.h.validator.internal.util.Version - HV000001: Hibernate Validator 8.0.3.Final
2026-01-05 17:43:44.620 [main] INFO  a.b.b.BankManagementSystemApplication - Starting BankManagementSystemApplication using Java 21.0.8 with PID 8572 (C:\Users\elcin\IdeaProjects\bank-management-system\build\classes\java\main started by elcin in C:\Users\elcin\IdeaProjects\bank-management-system)
2026-01-05 17:43:44.621 [main] INFO  a.b.b.BankManagementSystemApplication - No active profile set, falling back to 1 default profile: "default"
2026-01-05 17:43:47.713 [main] INFO  o.s.d.r.c.RepositoryConfigurationDelegate - Multiple Spring Data modules found, entering strict repository configuration mode
2026-01-05 17:43:47.719 [main] INFO  o.s.d.r.c.RepositoryConfigurationDelegate - Bootstrapping Spring Data JPA repositories in DEFAULT mode.
2026-01-05 17:43:48.499 [main] INFO  o.s.d.r.c.RepositoryConfigurationDelegate - Finished Spring Data repository scanning in 745 ms. Found 4 JPA repository interfaces.
2026-01-05 17:43:48.550 [main] INFO  o.s.d.r.c.RepositoryConfigurationDelegate - Multiple Spring Data modules found, entering strict repository configuration mode
2026-01-05 17:43:48.554 [main] INFO  o.s.d.r.c.RepositoryConfigurationDelegate - Bootstrapping Spring Data Redis repositories in DEFAULT mode.
2026-01-05 17:43:48.613 [main] INFO  o.s.d.r.c.RepositoryConfigurationExtensionSupport - Spring Data Redis - Could not safely identify store assignment for repository candidate interface az.banking.bankmanagementsystem.repository.AccountRepository; If you want this repository to be a Redis repository, consider annotating your entities with one of these annotations: org.springframework.data.redis.core.RedisHash (preferred), or consider extending one of the following types with your repository: org.springframework.data.keyvalue.repository.KeyValueRepository
2026-01-05 17:43:48.614 [main] INFO  o.s.d.r.c.RepositoryConfigurationExtensionSupport - Spring Data Redis - Could not safely identify store assignment for repository candidate interface az.banking.bankmanagementsystem.repository.CustomerRepository; If you want this repository to be a Redis repository, consider annotating your entities with one of these annotations: org.springframework.data.redis.core.RedisHash (preferred), or consider extending one of the following types with your repository: org.springframework.data.keyvalue.repository.KeyValueRepository
2026-01-05 17:43:48.615 [main] INFO  o.s.d.r.c.RepositoryConfigurationExtensionSupport - Spring Data Redis - Could not safely identify store assignment for repository candidate interface az.banking.bankmanagementsystem.repository.TransactionRepository; If you want this repository to be a Redis repository, consider annotating your entities with one of these annotations: org.springframework.data.redis.core.RedisHash (preferred), or consider extending one of the following types with your repository: org.springframework.data.keyvalue.repository.KeyValueRepository
2026-01-05 17:43:48.618 [main] INFO  o.s.d.r.c.RepositoryConfigurationExtensionSupport - Spring Data Redis - Could not safely identify store assignment for repository candidate interface az.banking.bankmanagementsystem.Security.repository.AuthUserRpository; If you want this repository to be a Redis repository, consider annotating your entities with one of these annotations: org.springframework.data.redis.core.RedisHash (preferred), or consider extending one of the following types with your repository: org.springframework.data.keyvalue.repository.KeyValueRepository
2026-01-05 17:43:48.618 [main] INFO  o.s.d.r.c.RepositoryConfigurationDelegate - Finished Spring Data repository scanning in 34 ms. Found 0 Redis repository interfaces.
2026-01-05 17:43:49.566 [main] INFO  o.s.cloud.context.scope.GenericScope - BeanFactory id=35e8a211-81a3-3872-86de-aff95b250821
2026-01-05 17:43:50.760 [main] INFO  o.s.b.w.e.tomcat.TomcatWebServer - Tomcat initialized with port 8080 (http)
2026-01-05 17:43:50.790 [main] INFO  o.a.coyote.http11.Http11NioProtocol - Initializing ProtocolHandler ["http-nio-8080"]
2026-01-05 17:43:50.794 [main] INFO  o.a.catalina.core.StandardService - Starting service [Tomcat]
2026-01-05 17:43:50.795 [main] INFO  o.a.catalina.core.StandardEngine - Starting Servlet engine: [Apache Tomcat/10.1.46]
2026-01-05 17:43:50.958 [main] INFO  o.a.c.c.C.[Tomcat].[localhost].[/] - Initializing Spring embedded WebApplicationContext
2026-01-05 17:43:50.959 [main] INFO  o.s.b.w.s.c.ServletWebServerApplicationContext - Root WebApplicationContext: initialization completed in 6142 ms
2026-01-05 17:43:51.320 [main] INFO  com.zaxxer.hikari.HikariDataSource - HikariPool-1 - Starting...
2026-01-05 17:43:52.029 [main] INFO  com.zaxxer.hikari.pool.HikariPool - HikariPool-1 - Added connection org.postgresql.jdbc.PgConnection@4cc89246
2026-01-05 17:43:52.035 [main] INFO  com.zaxxer.hikari.HikariDataSource - HikariPool-1 - Start completed.
2026-01-05 17:43:53.200 [main] INFO  liquibase.database - Set default schema name to public
2026-01-05 17:43:53.663 [main] INFO  liquibase.changelog - Reading resource: liquibase/1/1.0-create-customer-table.yml
2026-01-05 17:43:54.059 [main] INFO  liquibase.changelog - Reading resource: liquibase/1/2.0-create-account-table.yml
2026-01-05 17:43:54.099 [main] INFO  liquibase.changelog - Reading resource: liquibase/1/3.0-creat-card-table.yml
2026-01-05 17:43:54.134 [main] INFO  liquibase.changelog - Reading resource: liquibase/1/4.0-creat-employees-table.yml
2026-01-05 17:43:54.157 [main] INFO  liquibase.changelog - Reading resource: liquibase/1/5.0-creat-transaction-table.yml
2026-01-05 17:43:54.193 [main] INFO  liquibase.changelog - Reading resource: liquibase/1/6.0-creat-loans-table.yml
2026-01-05 17:43:54.215 [main] INFO  liquibase.changelog - Reading resource: liquibase/1/7.0-creat-AuthUser-table.yml
2026-01-05 17:43:55.042 [main] INFO  liquibase.changelog - Reading from public.databasechangelog
2026-01-05 17:43:55.216 [main] INFO  liquibase.changelog - Change failed validation!
2026-01-05 17:43:55.219 [main] INFO  liquibase.command - Command execution complete
2026-01-05 17:43:55.223 [main] WARN  o.s.b.w.s.c.AnnotationConfigServletWebServerApplicationContext - Exception encountered during context initialization - cancelling refresh attempt: org.springframework.beans.factory.BeanCreationException: Error creating bean with name 'entityManagerFactory' defined in class path resource [org/springframework/boot/autoconfigure/orm/jpa/HibernateJpaConfiguration.class]: Failed to initialize dependency 'liquibase' of LoadTimeWeaverAware bean 'entityManagerFactory': Error creating bean with name 'liquibase' defined in class path resource [org/springframework/boot/autoconfigure/liquibase/LiquibaseAutoConfiguration$LiquibaseConfiguration.class]: liquibase.exception.ValidationFailedException: Validation Failed:
     1 changesets check sum
          liquibase/1/7.0-creat-AuthUser-table.yml::007-create-AuthUser-table::elcin was: 9:81b7e926c35001011768b5010dc87bfd but is now: 9:65dc08997f937abc78b50a7803dd1d03

2026-01-05 17:43:55.223 [main] INFO  com.zaxxer.hikari.HikariDataSource - HikariPool-1 - Shutdown initiated...
2026-01-05 17:43:55.231 [main] INFO  com.zaxxer.hikari.HikariDataSource - HikariPool-1 - Shutdown completed.
2026-01-05 17:43:55.238 [main] INFO  o.a.catalina.core.StandardService - Stopping service [Tomcat]
2026-01-05 17:43:55.329 [main] INFO  o.s.b.a.l.ConditionEvaluationReportLogger - 

Error starting ApplicationContext. To display the condition evaluation report re-run your application with 'debug' enabled.
2026-01-05 17:43:55.413 [main] ERROR o.s.boot.SpringApplication - Application run failed
org.springframework.beans.factory.BeanCreationException: Error creating bean with name 'entityManagerFactory' defined in class path resource [org/springframework/boot/autoconfigure/orm/jpa/HibernateJpaConfiguration.class]: Failed to initialize dependency 'liquibase' of LoadTimeWeaverAware bean 'entityManagerFactory': Error creating bean with name 'liquibase' defined in class path resource [org/springframework/boot/autoconfigure/liquibase/LiquibaseAutoConfiguration$LiquibaseConfiguration.class]: liquibase.exception.ValidationFailedException: Validation Failed:
     1 changesets check sum
          liquibase/1/7.0-creat-AuthUser-table.yml::007-create-AuthUser-table::elcin was: 9:81b7e926c35001011768b5010dc87bfd but is now: 9:65dc08997f937abc78b50a7803dd1d03

	at org.springframework.beans.factory.support.AbstractBeanFactory.doGetBean(AbstractBeanFactory.java:328)
	at org.springframework.beans.factory.support.AbstractBeanFactory.getBean(AbstractBeanFactory.java:207)
	at org.springframework.context.support.AbstractApplicationContext.finishBeanFactoryInitialization(AbstractApplicationContext.java:970)
	at org.springframework.context.support.AbstractApplicationContext.refresh(AbstractApplicationContext.java:627)
	at org.springframework.boot.web.servlet.context.ServletWebServerApplicationContext.refresh(ServletWebServerApplicationContext.java:146)
	at org.springframework.boot.SpringApplication.refresh(SpringApplication.java:752)
	at org.springframework.boot.SpringApplication.refreshContext(SpringApplication.java:439)
	at org.springframework.boot.SpringApplication.run(SpringApplication.java:318)
	at org.springframework.boot.SpringApplication.run(SpringApplication.java:1361)
	at org.springframework.boot.SpringApplication.run(SpringApplication.java:1350)
	at az.banking.bankmanagementsystem.BankManagementSystemApplication.main(BankManagementSystemApplication.java:15)
Caused by: org.springframework.beans.factory.BeanCreationException: Error creating bean with name 'liquibase' defined in class path resource [org/springframework/boot/autoconfigure/liquibase/LiquibaseAutoConfiguration$LiquibaseConfiguration.class]: liquibase.exception.ValidationFailedException: Validation Failed:
     1 changesets check sum
          liquibase/1/7.0-creat-AuthUser-table.yml::007-create-AuthUser-table::elcin was: 9:81b7e926c35001011768b5010dc87bfd but is now: 9:65dc08997f937abc78b50a7803dd1d03

	at org.springframework.beans.factory.support.AbstractAutowireCapableBeanFactory.initializeBean(AbstractAutowireCapableBeanFactory.java:1826)
	at org.springframework.beans.factory.support.AbstractAutowireCapableBeanFactory.doCreateBean(AbstractAutowireCapableBeanFactory.java:607)
	at org.springframework.beans.factory.support.AbstractAutowireCapableBeanFactory.createBean(AbstractAutowireCapableBeanFactory.java:529)
	at org.springframework.beans.factory.support.AbstractBeanFactory.lambda$doGetBean$0(AbstractBeanFactory.java:339)
	at org.springframework.beans.factory.support.DefaultSingletonBeanRegistry.getSingleton(DefaultSingletonBeanRegistry.java:373)
	at org.springframework.beans.factory.support.AbstractBeanFactory.doGetBean(AbstractBeanFactory.java:337)
	at org.springframework.beans.factory.support.AbstractBeanFactory.getBean(AbstractBeanFactory.java:202)
	at org.springframework.beans.factory.support.AbstractBeanFactory.doGetBean(AbstractBeanFactory.java:315)
	... 10 common frames omitted
Caused by: liquibase.exception.CommandExecutionException: liquibase.exception.ValidationFailedException: Validation Failed:
     1 changesets check sum
          liquibase/1/7.0-creat-AuthUser-table.yml::007-create-AuthUser-table::elcin was: 9:81b7e926c35001011768b5010dc87bfd but is now: 9:65dc08997f937abc78b50a7803dd1d03

	at liquibase.command.CommandScope.execute(CommandScope.java:237)
	at liquibase.Liquibase.lambda$update$0(Liquibase.java:222)
	at liquibase.Scope.lambda$child$0(Scope.java:184)
	at liquibase.Scope.child(Scope.java:193)
	at liquibase.Scope.child(Scope.java:183)
	at liquibase.Scope.child(Scope.java:162)
	at liquibase.Liquibase.runInScope(Liquibase.java:1371)
	at liquibase.Liquibase.update(Liquibase.java:211)
	at liquibase.Liquibase.update(Liquibase.java:193)
	at liquibase.integration.spring.SpringLiquibase.performUpdate(SpringLiquibase.java:331)
	at liquibase.integration.spring.SpringLiquibase.afterPropertiesSet(SpringLiquibase.java:286)
	at org.springframework.beans.factory.support.AbstractAutowireCapableBeanFactory.invokeInitMethods(AbstractAutowireCapableBeanFactory.java:1873)
	at org.springframework.beans.factory.support.AbstractAutowireCapableBeanFactory.initializeBean(AbstractAutowireCapableBeanFactory.java:1822)
	... 17 common frames omitted
Caused by: liquibase.exception.ValidationFailedException: Validation Failed:
     1 changesets check sum
          liquibase/1/7.0-creat-AuthUser-table.yml::007-create-AuthUser-table::elcin was: 9:81b7e926c35001011768b5010dc87bfd but is now: 9:65dc08997f937abc78b50a7803dd1d03

	at liquibase.changelog.DatabaseChangeLog.validate(DatabaseChangeLog.java:353)
	at liquibase.command.core.helpers.DatabaseChangelogCommandStep.run(DatabaseChangelogCommandStep.java:92)
	at liquibase.command.CommandScope.execute(CommandScope.java:214)
	... 29 common frames omitted
2026-01-05 17:52:46.750 [background-preinit] INFO  o.h.validator.internal.util.Version - HV000001: Hibernate Validator 8.0.3.Final
2026-01-05 17:52:46.899 [main] INFO  a.b.b.BankManagementSystemApplication - Starting BankManagementSystemApplication using Java 21.0.8 with PID 15972 (C:\Users\elcin\IdeaProjects\bank-management-system\build\classes\java\main started by elcin in C:\Users\elcin\IdeaProjects\bank-management-system)
2026-01-05 17:52:46.901 [main] INFO  a.b.b.BankManagementSystemApplication - No active profile set, falling back to 1 default profile: "default"
2026-01-05 17:52:48.943 [main] INFO  o.s.d.r.c.RepositoryConfigurationDelegate - Multiple Spring Data modules found, entering strict repository configuration mode
2026-01-05 17:52:48.951 [main] INFO  o.s.d.r.c.RepositoryConfigurationDelegate - Bootstrapping Spring Data JPA repositories in DEFAULT mode.
2026-01-05 17:52:49.608 [main] INFO  o.s.d.r.c.RepositoryConfigurationDelegate - Finished Spring Data repository scanning in 636 ms. Found 4 JPA repository interfaces.
2026-01-05 17:52:49.655 [main] INFO  o.s.d.r.c.RepositoryConfigurationDelegate - Multiple Spring Data modules found, entering strict repository configuration mode
2026-01-05 17:52:49.658 [main] INFO  o.s.d.r.c.RepositoryConfigurationDelegate - Bootstrapping Spring Data Redis repositories in DEFAULT mode.
2026-01-05 17:52:49.708 [main] INFO  o.s.d.r.c.RepositoryConfigurationExtensionSupport - Spring Data Redis - Could not safely identify store assignment for repository candidate interface az.banking.bankmanagementsystem.repository.AccountRepository; If you want this repository to be a Redis repository, consider annotating your entities with one of these annotations: org.springframework.data.redis.core.RedisHash (preferred), or consider extending one of the following types with your repository: org.springframework.data.keyvalue.repository.KeyValueRepository
2026-01-05 17:52:49.710 [main] INFO  o.s.d.r.c.RepositoryConfigurationExtensionSupport - Spring Data Redis - Could not safely identify store assignment for repository candidate interface az.banking.bankmanagementsystem.repository.CustomerRepository; If you want this repository to be a Redis repository, consider annotating your entities with one of these annotations: org.springframework.data.redis.core.RedisHash (preferred), or consider extending one of the following types with your repository: org.springframework.data.keyvalue.repository.KeyValueRepository
2026-01-05 17:52:49.711 [main] INFO  o.s.d.r.c.RepositoryConfigurationExtensionSupport - Spring Data Redis - Could not safely identify store assignment for repository candidate interface az.banking.bankmanagementsystem.repository.TransactionRepository; If you want this repository to be a Redis repository, consider annotating your entities with one of these annotations: org.springframework.data.redis.core.RedisHash (preferred), or consider extending one of the following types with your repository: org.springframework.data.keyvalue.repository.KeyValueRepository
2026-01-05 17:52:49.711 [main] INFO  o.s.d.r.c.RepositoryConfigurationExtensionSupport - Spring Data Redis - Could not safely identify store assignment for repository candidate interface az.banking.bankmanagementsystem.Security.repository.AuthUserRpository; If you want this repository to be a Redis repository, consider annotating your entities with one of these annotations: org.springframework.data.redis.core.RedisHash (preferred), or consider extending one of the following types with your repository: org.springframework.data.keyvalue.repository.KeyValueRepository
2026-01-05 17:52:49.711 [main] INFO  o.s.d.r.c.RepositoryConfigurationDelegate - Finished Spring Data repository scanning in 33 ms. Found 0 Redis repository interfaces.
2026-01-05 17:52:50.523 [main] INFO  o.s.cloud.context.scope.GenericScope - BeanFactory id=35e8a211-81a3-3872-86de-aff95b250821
2026-01-05 17:52:51.657 [main] INFO  o.s.b.w.e.tomcat.TomcatWebServer - Tomcat initialized with port 8080 (http)
2026-01-05 17:52:51.679 [main] INFO  o.a.coyote.http11.Http11NioProtocol - Initializing ProtocolHandler ["http-nio-8080"]
2026-01-05 17:52:51.682 [main] INFO  o.a.catalina.core.StandardService - Starting service [Tomcat]
2026-01-05 17:52:51.682 [main] INFO  o.a.catalina.core.StandardEngine - Starting Servlet engine: [Apache Tomcat/10.1.46]
2026-01-05 17:52:51.807 [main] INFO  o.a.c.c.C.[Tomcat].[localhost].[/] - Initializing Spring embedded WebApplicationContext
2026-01-05 17:52:51.808 [main] INFO  o.s.b.w.s.c.ServletWebServerApplicationContext - Root WebApplicationContext: initialization completed in 4780 ms
2026-01-05 17:52:52.124 [main] INFO  com.zaxxer.hikari.HikariDataSource - HikariPool-1 - Starting...
2026-01-05 17:52:52.483 [main] INFO  com.zaxxer.hikari.pool.HikariPool - HikariPool-1 - Added connection org.postgresql.jdbc.PgConnection@79c1ccf7
2026-01-05 17:52:52.486 [main] INFO  com.zaxxer.hikari.HikariDataSource - HikariPool-1 - Start completed.
2026-01-05 17:52:52.851 [main] INFO  liquibase.database - Set default schema name to public
2026-01-05 17:52:53.175 [main] INFO  liquibase.changelog - Reading resource: liquibase/1/1.0-create-customer-table.yml
2026-01-05 17:52:53.585 [main] INFO  liquibase.changelog - Reading resource: liquibase/1/2.0-create-account-table.yml
2026-01-05 17:52:53.627 [main] INFO  liquibase.changelog - Reading resource: liquibase/1/3.0-creat-card-table.yml
2026-01-05 17:52:53.667 [main] INFO  liquibase.changelog - Reading resource: liquibase/1/4.0-creat-employees-table.yml
2026-01-05 17:52:53.689 [main] INFO  liquibase.changelog - Reading resource: liquibase/1/5.0-creat-transaction-table.yml
2026-01-05 17:52:53.712 [main] INFO  liquibase.changelog - Reading resource: liquibase/1/6.0-creat-loans-table.yml
2026-01-05 17:52:53.735 [main] INFO  liquibase.changelog - Reading resource: liquibase/1/7.0-creat-AuthUser-table.yml
2026-01-05 17:52:53.961 [main] INFO  liquibase.changelog - Creating database history table with name: public.databasechangelog
2026-01-05 17:52:54.273 [main] INFO  liquibase.changelog - Reading from public.databasechangelog
2026-01-05 17:52:54.482 [main] INFO  liquibase.changelog - Change failed validation!
2026-01-05 17:52:54.487 [main] INFO  liquibase.command - Command execution complete
2026-01-05 17:52:54.493 [main] WARN  o.s.b.w.s.c.AnnotationConfigServletWebServerApplicationContext - Exception encountered during context initialization - cancelling refresh attempt: org.springframework.beans.factory.BeanCreationException: Error creating bean with name 'entityManagerFactory' defined in class path resource [org/springframework/boot/autoconfigure/orm/jpa/HibernateJpaConfiguration.class]: Failed to initialize dependency 'liquibase' of LoadTimeWeaverAware bean 'entityManagerFactory': Error creating bean with name 'liquibase' defined in class path resource [org/springframework/boot/autoconfigure/liquibase/LiquibaseAutoConfiguration$LiquibaseConfiguration.class]: liquibase.exception.ValidationFailedException: Validation Failed:
     2 changes have validation failures
          column 'type' is required for all columns, liquibase/1/7.0-creat-AuthUser-table.yml::007-create-AuthUser-table::elcin
          column 'name' is required for all columns, liquibase/1/7.0-creat-AuthUser-table.yml::007-create-AuthUser-table::elcin

2026-01-05 17:52:54.495 [main] INFO  com.zaxxer.hikari.HikariDataSource - HikariPool-1 - Shutdown initiated...
2026-01-05 17:52:54.511 [main] INFO  com.zaxxer.hikari.HikariDataSource - HikariPool-1 - Shutdown completed.
2026-01-05 17:52:54.519 [main] INFO  o.a.catalina.core.StandardService - Stopping service [Tomcat]
2026-01-05 17:52:54.561 [main] INFO  o.s.b.a.l.ConditionEvaluationReportLogger - 

Error starting ApplicationContext. To display the condition evaluation report re-run your application with 'debug' enabled.
2026-01-05 17:52:54.618 [main] ERROR o.s.boot.SpringApplication - Application run failed
org.springframework.beans.factory.BeanCreationException: Error creating bean with name 'entityManagerFactory' defined in class path resource [org/springframework/boot/autoconfigure/orm/jpa/HibernateJpaConfiguration.class]: Failed to initialize dependency 'liquibase' of LoadTimeWeaverAware bean 'entityManagerFactory': Error creating bean with name 'liquibase' defined in class path resource [org/springframework/boot/autoconfigure/liquibase/LiquibaseAutoConfiguration$LiquibaseConfiguration.class]: liquibase.exception.ValidationFailedException: Validation Failed:
     2 changes have validation failures
          column 'type' is required for all columns, liquibase/1/7.0-creat-AuthUser-table.yml::007-create-AuthUser-table::elcin
          column 'name' is required for all columns, liquibase/1/7.0-creat-AuthUser-table.yml::007-create-AuthUser-table::elcin

	at org.springframework.beans.factory.support.AbstractBeanFactory.doGetBean(AbstractBeanFactory.java:328)
	at org.springframework.beans.factory.support.AbstractBeanFactory.getBean(AbstractBeanFactory.java:207)
	at org.springframework.context.support.AbstractApplicationContext.finishBeanFactoryInitialization(AbstractApplicationContext.java:970)
	at org.springframework.context.support.AbstractApplicationContext.refresh(AbstractApplicationContext.java:627)
	at org.springframework.boot.web.servlet.context.ServletWebServerApplicationContext.refresh(ServletWebServerApplicationContext.java:146)
	at org.springframework.boot.SpringApplication.refresh(SpringApplication.java:752)
	at org.springframework.boot.SpringApplication.refreshContext(SpringApplication.java:439)
	at org.springframework.boot.SpringApplication.run(SpringApplication.java:318)
	at org.springframework.boot.SpringApplication.run(SpringApplication.java:1361)
	at org.springframework.boot.SpringApplication.run(SpringApplication.java:1350)
	at az.banking.bankmanagementsystem.BankManagementSystemApplication.main(BankManagementSystemApplication.java:15)
Caused by: org.springframework.beans.factory.BeanCreationException: Error creating bean with name 'liquibase' defined in class path resource [org/springframework/boot/autoconfigure/liquibase/LiquibaseAutoConfiguration$LiquibaseConfiguration.class]: liquibase.exception.ValidationFailedException: Validation Failed:
     2 changes have validation failures
          column 'type' is required for all columns, liquibase/1/7.0-creat-AuthUser-table.yml::007-create-AuthUser-table::elcin
          column 'name' is required for all columns, liquibase/1/7.0-creat-AuthUser-table.yml::007-create-AuthUser-table::elcin

	at org.springframework.beans.factory.support.AbstractAutowireCapableBeanFactory.initializeBean(AbstractAutowireCapableBeanFactory.java:1826)
	at org.springframework.beans.factory.support.AbstractAutowireCapableBeanFactory.doCreateBean(AbstractAutowireCapableBeanFactory.java:607)
	at org.springframework.beans.factory.support.AbstractAutowireCapableBeanFactory.createBean(AbstractAutowireCapableBeanFactory.java:529)
	at org.springframework.beans.factory.support.AbstractBeanFactory.lambda$doGetBean$0(AbstractBeanFactory.java:339)
	at org.springframework.beans.factory.support.DefaultSingletonBeanRegistry.getSingleton(DefaultSingletonBeanRegistry.java:373)
	at org.springframework.beans.factory.support.AbstractBeanFactory.doGetBean(AbstractBeanFactory.java:337)
	at org.springframework.beans.factory.support.AbstractBeanFactory.getBean(AbstractBeanFactory.java:202)
	at org.springframework.beans.factory.support.AbstractBeanFactory.doGetBean(AbstractBeanFactory.java:315)
	... 10 common frames omitted
Caused by: liquibase.exception.CommandExecutionException: liquibase.exception.ValidationFailedException: Validation Failed:
     2 changes have validation failures
          column 'type' is required for all columns, liquibase/1/7.0-creat-AuthUser-table.yml::007-create-AuthUser-table::elcin
          column 'name' is required for all columns, liquibase/1/7.0-creat-AuthUser-table.yml::007-create-AuthUser-table::elcin

	at liquibase.command.CommandScope.execute(CommandScope.java:237)
	at liquibase.Liquibase.lambda$update$0(Liquibase.java:222)
	at liquibase.Scope.lambda$child$0(Scope.java:184)
	at liquibase.Scope.child(Scope.java:193)
	at liquibase.Scope.child(Scope.java:183)
	at liquibase.Scope.child(Scope.java:162)
	at liquibase.Liquibase.runInScope(Liquibase.java:1371)
	at liquibase.Liquibase.update(Liquibase.java:211)
	at liquibase.Liquibase.update(Liquibase.java:193)
	at liquibase.integration.spring.SpringLiquibase.performUpdate(SpringLiquibase.java:331)
	at liquibase.integration.spring.SpringLiquibase.afterPropertiesSet(SpringLiquibase.java:286)
	at org.springframework.beans.factory.support.AbstractAutowireCapableBeanFactory.invokeInitMethods(AbstractAutowireCapableBeanFactory.java:1873)
	at org.springframework.beans.factory.support.AbstractAutowireCapableBeanFactory.initializeBean(AbstractAutowireCapableBeanFactory.java:1822)
	... 17 common frames omitted
Caused by: liquibase.exception.ValidationFailedException: Validation Failed:
     2 changes have validation failures
          column 'type' is required for all columns, liquibase/1/7.0-creat-AuthUser-table.yml::007-create-AuthUser-table::elcin
          column 'name' is required for all columns, liquibase/1/7.0-creat-AuthUser-table.yml::007-create-AuthUser-table::elcin

	at liquibase.changelog.DatabaseChangeLog.validate(DatabaseChangeLog.java:353)
	at liquibase.command.core.helpers.DatabaseChangelogCommandStep.run(DatabaseChangelogCommandStep.java:92)
	at liquibase.command.CommandScope.execute(CommandScope.java:214)
	... 29 common frames omitted
2026-01-05 17:58:40.407 [background-preinit] INFO  o.h.validator.internal.util.Version - HV000001: Hibernate Validator 8.0.3.Final
2026-01-05 17:58:40.504 [main] INFO  a.b.b.BankManagementSystemApplication - Starting BankManagementSystemApplication using Java 21.0.8 with PID 6656 (C:\Users\elcin\IdeaProjects\bank-management-system\build\classes\java\main started by elcin in C:\Users\elcin\IdeaProjects\bank-management-system)
2026-01-05 17:58:40.506 [main] INFO  a.b.b.BankManagementSystemApplication - No active profile set, falling back to 1 default profile: "default"
2026-01-05 17:58:42.417 [main] INFO  o.s.d.r.c.RepositoryConfigurationDelegate - Multiple Spring Data modules found, entering strict repository configuration mode
2026-01-05 17:58:42.420 [main] INFO  o.s.d.r.c.RepositoryConfigurationDelegate - Bootstrapping Spring Data JPA repositories in DEFAULT mode.
2026-01-05 17:58:42.787 [main] INFO  o.s.d.r.c.RepositoryConfigurationDelegate - Finished Spring Data repository scanning in 353 ms. Found 4 JPA repository interfaces.
2026-01-05 17:58:42.818 [main] INFO  o.s.d.r.c.RepositoryConfigurationDelegate - Multiple Spring Data modules found, entering strict repository configuration mode
2026-01-05 17:58:42.822 [main] INFO  o.s.d.r.c.RepositoryConfigurationDelegate - Bootstrapping Spring Data Redis repositories in DEFAULT mode.
2026-01-05 17:58:42.852 [main] INFO  o.s.d.r.c.RepositoryConfigurationExtensionSupport - Spring Data Redis - Could not safely identify store assignment for repository candidate interface az.banking.bankmanagementsystem.repository.AccountRepository; If you want this repository to be a Redis repository, consider annotating your entities with one of these annotations: org.springframework.data.redis.core.RedisHash (preferred), or consider extending one of the following types with your repository: org.springframework.data.keyvalue.repository.KeyValueRepository
2026-01-05 17:58:42.852 [main] INFO  o.s.d.r.c.RepositoryConfigurationExtensionSupport - Spring Data Redis - Could not safely identify store assignment for repository candidate interface az.banking.bankmanagementsystem.repository.CustomerRepository; If you want this repository to be a Redis repository, consider annotating your entities with one of these annotations: org.springframework.data.redis.core.RedisHash (preferred), or consider extending one of the following types with your repository: org.springframework.data.keyvalue.repository.KeyValueRepository
2026-01-05 17:58:42.852 [main] INFO  o.s.d.r.c.RepositoryConfigurationExtensionSupport - Spring Data Redis - Could not safely identify store assignment for repository candidate interface az.banking.bankmanagementsystem.repository.TransactionRepository; If you want this repository to be a Redis repository, consider annotating your entities with one of these annotations: org.springframework.data.redis.core.RedisHash (preferred), or consider extending one of the following types with your repository: org.springframework.data.keyvalue.repository.KeyValueRepository
2026-01-05 17:58:42.852 [main] INFO  o.s.d.r.c.RepositoryConfigurationExtensionSupport - Spring Data Redis - Could not safely identify store assignment for repository candidate interface az.banking.bankmanagementsystem.Security.repository.AuthUserRpository; If you want this repository to be a Redis repository, consider annotating your entities with one of these annotations: org.springframework.data.redis.core.RedisHash (preferred), or consider extending one of the following types with your repository: org.springframework.data.keyvalue.repository.KeyValueRepository
2026-01-05 17:58:42.852 [main] INFO  o.s.d.r.c.RepositoryConfigurationDelegate - Finished Spring Data repository scanning in 18 ms. Found 0 Redis repository interfaces.
2026-01-05 17:58:43.327 [main] INFO  o.s.cloud.context.scope.GenericScope - BeanFactory id=35e8a211-81a3-3872-86de-aff95b250821
2026-01-05 17:58:44.025 [main] INFO  o.s.b.w.e.tomcat.TomcatWebServer - Tomcat initialized with port 8080 (http)
2026-01-05 17:58:44.051 [main] INFO  o.a.coyote.http11.Http11NioProtocol - Initializing ProtocolHandler ["http-nio-8080"]
2026-01-05 17:58:44.053 [main] INFO  o.a.catalina.core.StandardService - Starting service [Tomcat]
2026-01-05 17:58:44.054 [main] INFO  o.a.catalina.core.StandardEngine - Starting Servlet engine: [Apache Tomcat/10.1.46]
2026-01-05 17:58:44.177 [main] INFO  o.a.c.c.C.[Tomcat].[localhost].[/] - Initializing Spring embedded WebApplicationContext
2026-01-05 17:58:44.177 [main] INFO  o.s.b.w.s.c.ServletWebServerApplicationContext - Root WebApplicationContext: initialization completed in 3604 ms
2026-01-05 17:58:44.411 [main] INFO  com.zaxxer.hikari.HikariDataSource - HikariPool-1 - Starting...
2026-01-05 17:58:44.751 [main] INFO  com.zaxxer.hikari.pool.HikariPool - HikariPool-1 - Added connection org.postgresql.jdbc.PgConnection@270b8c2a
2026-01-05 17:58:44.757 [main] INFO  com.zaxxer.hikari.HikariDataSource - HikariPool-1 - Start completed.
2026-01-05 17:58:45.088 [main] INFO  liquibase.database - Set default schema name to public
2026-01-05 17:58:45.442 [main] INFO  liquibase.changelog - Reading resource: liquibase/1/1.0-create-customer-table.yml
2026-01-05 17:58:45.866 [main] INFO  liquibase.changelog - Reading resource: liquibase/1/2.0-create-account-table.yml
2026-01-05 17:58:45.899 [main] INFO  liquibase.changelog - Reading resource: liquibase/1/3.0-creat-card-table.yml
2026-01-05 17:58:45.934 [main] INFO  liquibase.changelog - Reading resource: liquibase/1/4.0-creat-employees-table.yml
2026-01-05 17:58:45.962 [main] INFO  liquibase.changelog - Reading resource: liquibase/1/5.0-creat-transaction-table.yml
2026-01-05 17:58:46.004 [main] INFO  liquibase.changelog - Reading resource: liquibase/1/6.0-creat-loans-table.yml
2026-01-05 17:58:46.039 [main] INFO  liquibase.changelog - Reading resource: liquibase/1/7.0-creat-AuthUser-table.yml
2026-01-05 17:58:46.374 [main] INFO  liquibase.changelog - Reading from public.databasechangelog
2026-01-05 17:58:46.821 [main] INFO  liquibase.lockservice - Successfully acquired change log lock
2026-01-05 17:58:46.827 [main] INFO  liquibase.command - Using deploymentId: 7621526827
2026-01-05 17:58:46.833 [main] INFO  liquibase.changelog - Reading from public.databasechangelog
2026-01-05 17:58:47.096 [main] INFO  liquibase.changelog - Table customers created
2026-01-05 17:58:47.110 [main] INFO  liquibase.changelog - ChangeSet liquibase/1/1.0-create-customer-table.yml::create-customers-table::elcin ran successfully in 185ms
2026-01-05 17:58:47.235 [main] INFO  liquibase.changelog - Table accounts created
2026-01-05 17:58:47.239 [main] INFO  liquibase.changelog - ChangeSet liquibase/1/2.0-create-account-table.yml::Account-table::elcin ran successfully in 98ms
2026-01-05 17:58:47.282 [main] INFO  liquibase.changelog - Table cards created
2026-01-05 17:58:47.302 [main] INFO  liquibase.changelog - Foreign key constraint added to cards (account_number)
2026-01-05 17:58:47.307 [main] INFO  liquibase.changelog - ChangeSet liquibase/1/3.0-creat-card-table.yml::cards-table::elcin ran successfully in 49ms
2026-01-05 17:58:47.428 [main] INFO  liquibase.changelog - Table employees created
2026-01-05 17:58:47.434 [main] INFO  liquibase.changelog - ChangeSet liquibase/1/4.0-creat-employees-table.yml::create-employees-table::elcin ran successfully in 90ms
2026-01-05 17:58:47.521 [main] INFO  liquibase.changelog - Table transactions created
2026-01-05 17:58:47.537 [main] INFO  liquibase.changelog - Foreign key constraint added to transactions (account_number)
2026-01-05 17:58:47.547 [main] INFO  liquibase.changelog - Foreign key constraint added to transactions (related_account)
2026-01-05 17:58:47.552 [main] INFO  liquibase.changelog - ChangeSet liquibase/1/5.0-creat-transaction-table.yml::create-transactions-table::elcin ran successfully in 97ms
2026-01-05 17:58:47.595 [main] INFO  liquibase.changelog - Table loans created
2026-01-05 17:58:47.600 [main] INFO  liquibase.changelog - ChangeSet liquibase/1/6.0-creat-loans-table.yml::005-create-loans-table::elcin ran successfully in 33ms
2026-01-05 17:58:47.664 [main] INFO  liquibase.changelog - Table auth_user created
2026-01-05 17:58:47.668 [main] INFO  liquibase.changelog - ChangeSet liquibase/1/7.0-creat-AuthUser-table.yml::007-create-AuthUser-table::elcin ran successfully in 47ms
2026-01-05 17:58:47.685 [main] INFO  liquibase.util - UPDATE SUMMARY
2026-01-05 17:58:47.685 [main] INFO  liquibase.util - Run:                          7
2026-01-05 17:58:47.685 [main] INFO  liquibase.util - Previously run:               0
2026-01-05 17:58:47.685 [main] INFO  liquibase.util - Filtered out:                 0
2026-01-05 17:58:47.685 [main] INFO  liquibase.util - -------------------------------
2026-01-05 17:58:47.685 [main] INFO  liquibase.util - Total change sets:            7
2026-01-05 17:58:47.686 [main] INFO  liquibase.util - Update summary generated
2026-01-05 17:58:47.688 [main] INFO  liquibase.command - Update command completed successfully.
2026-01-05 17:58:47.699 [main] INFO  liquibase.lockservice - Successfully released change log lock
2026-01-05 17:58:47.702 [main] INFO  liquibase.command - Command execution complete
2026-01-05 17:58:47.891 [main] INFO  o.h.jpa.internal.util.LogHelper - HHH000204: Processing PersistenceUnitInfo [name: default]
2026-01-05 17:58:48.007 [main] INFO  org.hibernate.Version - HHH000412: Hibernate ORM core version 6.6.29.Final
2026-01-05 17:58:48.074 [main] INFO  o.h.c.i.RegionFactoryInitiator - HHH000026: Second-level cache disabled
2026-01-05 17:58:48.561 [main] INFO  o.s.o.j.p.SpringPersistenceUnitInfo - No LoadTimeWeaver setup: ignoring JPA class transformer
2026-01-05 17:58:48.710 [main] INFO  o.hibernate.orm.connections.pooling - HHH10001005: Database info:
	Database JDBC URL [Connecting through datasource 'HikariDataSource (HikariPool-1)']
	Database driver: undefined/unknown
	Database version: 18.0
	Autocommit mode: undefined/unknown
	Isolation level: undefined/unknown
	Minimum pool size: undefined/unknown
	Maximum pool size: undefined/unknown
2026-01-05 17:58:50.861 [main] INFO  o.h.e.t.j.p.i.JtaPlatformInitiator - HHH000489: No JTA platform available (set 'hibernate.transaction.jta.platform' to enable JTA platform integration)
2026-01-05 17:58:50.867 [main] INFO  o.s.o.j.LocalContainerEntityManagerFactoryBean - Initialized JPA EntityManagerFactory for persistence unit 'default'
2026-01-05 17:58:51.319 [main] INFO  o.s.d.j.r.query.QueryEnhancerFactory - Hibernate is in classpath; If applicable, HQL parser will be used.
2026-01-05 17:58:52.575 [main] WARN  o.s.b.w.s.c.AnnotationConfigServletWebServerApplicationContext - Exception encountered during context initialization - cancelling refresh attempt: org.springframework.beans.factory.UnsatisfiedDependencyException: Error creating bean with name 'accountController' defined in file [C:\Users\elcin\IdeaProjects\bank-management-system\build\classes\java\main\az\banking\bankmanagementsystem\controller\AccountController.class]: Unsatisfied dependency expressed through constructor parameter 0: Error creating bean with name 'accountServiceImpl' defined in file [C:\Users\elcin\IdeaProjects\bank-management-system\build\classes\java\main\az\banking\bankmanagementsystem\service\impl\AccountServiceImpl.class]: Unsatisfied dependency expressed through constructor parameter 1: Error creating bean with name 'customerServiceImpl' defined in file [C:\Users\elcin\IdeaProjects\bank-management-system\build\classes\java\main\az\banking\bankmanagementsystem\service\impl\CustomerServiceImpl.class]: Unsatisfied dependency expressed through constructor parameter 4: No qualifying bean of type 'java.lang.String' available: expected at least 1 bean which qualifies as autowire candidate. Dependency annotations: {}
2026-01-05 17:58:52.576 [main] INFO  o.s.o.j.LocalContainerEntityManagerFactoryBean - Closing JPA EntityManagerFactory for persistence unit 'default'
2026-01-05 17:58:52.580 [main] INFO  com.zaxxer.hikari.HikariDataSource - HikariPool-1 - Shutdown initiated...
2026-01-05 17:58:52.586 [main] INFO  com.zaxxer.hikari.HikariDataSource - HikariPool-1 - Shutdown completed.
2026-01-05 17:58:52.590 [main] INFO  o.a.catalina.core.StandardService - Stopping service [Tomcat]
2026-01-05 17:58:52.634 [main] INFO  o.s.b.a.l.ConditionEvaluationReportLogger - 

Error starting ApplicationContext. To display the condition evaluation report re-run your application with 'debug' enabled.
2026-01-05 17:58:52.712 [main] ERROR o.s.b.d.LoggingFailureAnalysisReporter - 

***************************
APPLICATION FAILED TO START
***************************

Description:

Parameter 4 of constructor in az.banking.bankmanagementsystem.service.impl.CustomerServiceImpl required a bean of type 'java.lang.String' that could not be found.


Action:

Consider defining a bean of type 'java.lang.String' in your configuration.

2026-01-05 18:01:44.254 [background-preinit] INFO  o.h.validator.internal.util.Version - HV000001: Hibernate Validator 8.0.3.Final
2026-01-05 18:01:44.335 [main] INFO  a.b.b.BankManagementSystemApplication - Starting BankManagementSystemApplication using Java 21.0.8 with PID 12420 (C:\Users\elcin\IdeaProjects\bank-management-system\build\classes\java\main started by elcin in C:\Users\elcin\IdeaProjects\bank-management-system)
2026-01-05 18:01:44.336 [main] INFO  a.b.b.BankManagementSystemApplication - No active profile set, falling back to 1 default profile: "default"
2026-01-05 18:01:45.989 [main] INFO  o.s.d.r.c.RepositoryConfigurationDelegate - Multiple Spring Data modules found, entering strict repository configuration mode
2026-01-05 18:01:45.992 [main] INFO  o.s.d.r.c.RepositoryConfigurationDelegate - Bootstrapping Spring Data JPA repositories in DEFAULT mode.
2026-01-05 18:01:46.256 [main] INFO  o.s.d.r.c.RepositoryConfigurationDelegate - Finished Spring Data repository scanning in 251 ms. Found 4 JPA repository interfaces.
2026-01-05 18:01:46.287 [main] INFO  o.s.d.r.c.RepositoryConfigurationDelegate - Multiple Spring Data modules found, entering strict repository configuration mode
2026-01-05 18:01:46.289 [main] INFO  o.s.d.r.c.RepositoryConfigurationDelegate - Bootstrapping Spring Data Redis repositories in DEFAULT mode.
2026-01-05 18:01:46.320 [main] INFO  o.s.d.r.c.RepositoryConfigurationExtensionSupport - Spring Data Redis - Could not safely identify store assignment for repository candidate interface az.banking.bankmanagementsystem.repository.AccountRepository; If you want this repository to be a Redis repository, consider annotating your entities with one of these annotations: org.springframework.data.redis.core.RedisHash (preferred), or consider extending one of the following types with your repository: org.springframework.data.keyvalue.repository.KeyValueRepository
2026-01-05 18:01:46.322 [main] INFO  o.s.d.r.c.RepositoryConfigurationExtensionSupport - Spring Data Redis - Could not safely identify store assignment for repository candidate interface az.banking.bankmanagementsystem.repository.CustomerRepository; If you want this repository to be a Redis repository, consider annotating your entities with one of these annotations: org.springframework.data.redis.core.RedisHash (preferred), or consider extending one of the following types with your repository: org.springframework.data.keyvalue.repository.KeyValueRepository
2026-01-05 18:01:46.322 [main] INFO  o.s.d.r.c.RepositoryConfigurationExtensionSupport - Spring Data Redis - Could not safely identify store assignment for repository candidate interface az.banking.bankmanagementsystem.repository.TransactionRepository; If you want this repository to be a Redis repository, consider annotating your entities with one of these annotations: org.springframework.data.redis.core.RedisHash (preferred), or consider extending one of the following types with your repository: org.springframework.data.keyvalue.repository.KeyValueRepository
2026-01-05 18:01:46.322 [main] INFO  o.s.d.r.c.RepositoryConfigurationExtensionSupport - Spring Data Redis - Could not safely identify store assignment for repository candidate interface az.banking.bankmanagementsystem.Security.repository.AuthUserRpository; If you want this repository to be a Redis repository, consider annotating your entities with one of these annotations: org.springframework.data.redis.core.RedisHash (preferred), or consider extending one of the following types with your repository: org.springframework.data.keyvalue.repository.KeyValueRepository
2026-01-05 18:01:46.323 [main] INFO  o.s.d.r.c.RepositoryConfigurationDelegate - Finished Spring Data repository scanning in 18 ms. Found 0 Redis repository interfaces.
2026-01-05 18:01:46.758 [main] INFO  o.s.cloud.context.scope.GenericScope - BeanFactory id=35e8a211-81a3-3872-86de-aff95b250821
2026-01-05 18:01:47.443 [main] INFO  o.s.b.w.e.tomcat.TomcatWebServer - Tomcat initialized with port 8080 (http)
2026-01-05 18:01:47.463 [main] INFO  o.a.coyote.http11.Http11NioProtocol - Initializing ProtocolHandler ["http-nio-8080"]
2026-01-05 18:01:47.465 [main] INFO  o.a.catalina.core.StandardService - Starting service [Tomcat]
2026-01-05 18:01:47.465 [main] INFO  o.a.catalina.core.StandardEngine - Starting Servlet engine: [Apache Tomcat/10.1.46]
2026-01-05 18:01:47.574 [main] INFO  o.a.c.c.C.[Tomcat].[localhost].[/] - Initializing Spring embedded WebApplicationContext
2026-01-05 18:01:47.575 [main] INFO  o.s.b.w.s.c.ServletWebServerApplicationContext - Root WebApplicationContext: initialization completed in 3166 ms
2026-01-05 18:01:48.506 [main] INFO  com.zaxxer.hikari.HikariDataSource - HikariPool-1 - Starting...
2026-01-05 18:01:48.830 [main] INFO  com.zaxxer.hikari.pool.HikariPool - HikariPool-1 - Added connection org.postgresql.jdbc.PgConnection@2cacb445
2026-01-05 18:01:48.833 [main] INFO  com.zaxxer.hikari.HikariDataSource - HikariPool-1 - Start completed.
2026-01-05 18:01:49.081 [main] INFO  liquibase.database - Set default schema name to public
2026-01-05 18:01:49.354 [main] INFO  liquibase.changelog - Reading resource: liquibase/1/1.0-create-customer-table.yml
2026-01-05 18:01:49.699 [main] INFO  liquibase.changelog - Reading resource: liquibase/1/2.0-create-account-table.yml
2026-01-05 18:01:49.753 [main] INFO  liquibase.changelog - Reading resource: liquibase/1/3.0-creat-card-table.yml
2026-01-05 18:01:49.785 [main] INFO  liquibase.changelog - Reading resource: liquibase/1/4.0-creat-employees-table.yml
2026-01-05 18:01:49.819 [main] INFO  liquibase.changelog - Reading resource: liquibase/1/5.0-creat-transaction-table.yml
2026-01-05 18:01:49.868 [main] INFO  liquibase.changelog - Reading resource: liquibase/1/6.0-creat-loans-table.yml
2026-01-05 18:01:49.901 [main] INFO  liquibase.changelog - Reading resource: liquibase/1/7.0-creat-AuthUser-table.yml
2026-01-05 18:01:50.142 [main] INFO  liquibase.changelog - Reading from public.databasechangelog
2026-01-05 18:01:50.289 [main] INFO  liquibase.changelog - Reading from public.databasechangelog
2026-01-05 18:01:50.307 [main] INFO  liquibase.util - UPDATE SUMMARY
2026-01-05 18:01:50.308 [main] INFO  liquibase.util - Run:                          0
2026-01-05 18:01:50.308 [main] INFO  liquibase.util - Previously run:               7
2026-01-05 18:01:50.308 [main] INFO  liquibase.util - Filtered out:                 0
2026-01-05 18:01:50.308 [main] INFO  liquibase.util - -------------------------------
2026-01-05 18:01:50.308 [main] INFO  liquibase.util - Total change sets:            7
2026-01-05 18:01:50.309 [main] INFO  liquibase.util - Update summary generated
2026-01-05 18:01:50.420 [main] INFO  liquibase.lockservice - Successfully released change log lock
2026-01-05 18:01:50.427 [main] INFO  liquibase.command - Command execution complete
2026-01-05 18:01:50.584 [main] INFO  o.h.jpa.internal.util.LogHelper - HHH000204: Processing PersistenceUnitInfo [name: default]
2026-01-05 18:01:50.682 [main] INFO  org.hibernate.Version - HHH000412: Hibernate ORM core version 6.6.29.Final
2026-01-05 18:01:50.752 [main] INFO  o.h.c.i.RegionFactoryInitiator - HHH000026: Second-level cache disabled
2026-01-05 18:01:51.268 [main] INFO  o.s.o.j.p.SpringPersistenceUnitInfo - No LoadTimeWeaver setup: ignoring JPA class transformer
2026-01-05 18:01:51.416 [main] INFO  o.hibernate.orm.connections.pooling - HHH10001005: Database info:
	Database JDBC URL [Connecting through datasource 'HikariDataSource (HikariPool-1)']
	Database driver: undefined/unknown
	Database version: 18.0
	Autocommit mode: undefined/unknown
	Isolation level: undefined/unknown
	Minimum pool size: undefined/unknown
	Maximum pool size: undefined/unknown
2026-01-05 18:01:53.245 [main] INFO  o.h.e.t.j.p.i.JtaPlatformInitiator - HHH000489: No JTA platform available (set 'hibernate.transaction.jta.platform' to enable JTA platform integration)
2026-01-05 18:01:53.249 [main] INFO  o.s.o.j.LocalContainerEntityManagerFactoryBean - Initialized JPA EntityManagerFactory for persistence unit 'default'
2026-01-05 18:01:53.718 [main] INFO  o.s.d.j.r.query.QueryEnhancerFactory - Hibernate is in classpath; If applicable, HQL parser will be used.
2026-01-05 18:01:54.925 [main] WARN  o.s.b.w.s.c.AnnotationConfigServletWebServerApplicationContext - Exception encountered during context initialization - cancelling refresh attempt: org.springframework.beans.factory.UnsatisfiedDependencyException: Error creating bean with name 'accountController' defined in file [C:\Users\elcin\IdeaProjects\bank-management-system\build\classes\java\main\az\banking\bankmanagementsystem\controller\AccountController.class]: Unsatisfied dependency expressed through constructor parameter 0: Error creating bean with name 'accountServiceImpl' defined in file [C:\Users\elcin\IdeaProjects\bank-management-system\build\classes\java\main\az\banking\bankmanagementsystem\service\impl\AccountServiceImpl.class]: Unsatisfied dependency expressed through constructor parameter 1: Error creating bean with name 'customerServiceImpl' defined in file [C:\Users\elcin\IdeaProjects\bank-management-system\build\classes\java\main\az\banking\bankmanagementsystem\service\impl\CustomerServiceImpl.class]: Unsatisfied dependency expressed through constructor parameter 4: No qualifying bean of type 'java.lang.String' available: expected at least 1 bean which qualifies as autowire candidate. Dependency annotations: {}
2026-01-05 18:01:54.926 [main] INFO  o.s.o.j.LocalContainerEntityManagerFactoryBean - Closing JPA EntityManagerFactory for persistence unit 'default'
2026-01-05 18:01:54.929 [main] INFO  com.zaxxer.hikari.HikariDataSource - HikariPool-1 - Shutdown initiated...
2026-01-05 18:01:54.935 [main] INFO  com.zaxxer.hikari.HikariDataSource - HikariPool-1 - Shutdown completed.
2026-01-05 18:01:54.940 [main] INFO  o.a.catalina.core.StandardService - Stopping service [Tomcat]
2026-01-05 18:01:54.965 [main] INFO  o.s.b.a.l.ConditionEvaluationReportLogger - 

Error starting ApplicationContext. To display the condition evaluation report re-run your application with 'debug' enabled.
2026-01-05 18:01:55.013 [main] ERROR o.s.b.d.LoggingFailureAnalysisReporter - 

***************************
APPLICATION FAILED TO START
***************************

Description:

Parameter 4 of constructor in az.banking.bankmanagementsystem.service.impl.CustomerServiceImpl required a bean of type 'java.lang.String' that could not be found.


Action:

Consider defining a bean of type 'java.lang.String' in your configuration.

2026-01-05 18:15:33.502 [background-preinit] INFO  o.h.validator.internal.util.Version - HV000001: Hibernate Validator 8.0.3.Final
2026-01-05 18:15:33.633 [main] INFO  a.b.b.BankManagementSystemApplication - Starting BankManagementSystemApplication using Java 21.0.8 with PID 11556 (C:\Users\elcin\IdeaProjects\bank-management-system\build\classes\java\main started by elcin in C:\Users\elcin\IdeaProjects\bank-management-system)
2026-01-05 18:15:33.635 [main] INFO  a.b.b.BankManagementSystemApplication - No active profile set, falling back to 1 default profile: "default"
2026-01-05 18:15:37.188 [main] INFO  o.s.d.r.c.RepositoryConfigurationDelegate - Multiple Spring Data modules found, entering strict repository configuration mode
2026-01-05 18:15:37.201 [main] INFO  o.s.d.r.c.RepositoryConfigurationDelegate - Bootstrapping Spring Data JPA repositories in DEFAULT mode.
2026-01-05 18:15:38.333 [main] INFO  o.s.d.r.c.RepositoryConfigurationDelegate - Finished Spring Data repository scanning in 1085 ms. Found 4 JPA repository interfaces.
2026-01-05 18:15:38.427 [main] INFO  o.s.d.r.c.RepositoryConfigurationDelegate - Multiple Spring Data modules found, entering strict repository configuration mode
2026-01-05 18:15:38.431 [main] INFO  o.s.d.r.c.RepositoryConfigurationDelegate - Bootstrapping Spring Data Redis repositories in DEFAULT mode.
2026-01-05 18:15:38.522 [main] INFO  o.s.d.r.c.RepositoryConfigurationExtensionSupport - Spring Data Redis - Could not safely identify store assignment for repository candidate interface az.banking.bankmanagementsystem.repository.AccountRepository; If you want this repository to be a Redis repository, consider annotating your entities with one of these annotations: org.springframework.data.redis.core.RedisHash (preferred), or consider extending one of the following types with your repository: org.springframework.data.keyvalue.repository.KeyValueRepository
2026-01-05 18:15:38.525 [main] INFO  o.s.d.r.c.RepositoryConfigurationExtensionSupport - Spring Data Redis - Could not safely identify store assignment for repository candidate interface az.banking.bankmanagementsystem.repository.CustomerRepository; If you want this repository to be a Redis repository, consider annotating your entities with one of these annotations: org.springframework.data.redis.core.RedisHash (preferred), or consider extending one of the following types with your repository: org.springframework.data.keyvalue.repository.KeyValueRepository
2026-01-05 18:15:38.527 [main] INFO  o.s.d.r.c.RepositoryConfigurationExtensionSupport - Spring Data Redis - Could not safely identify store assignment for repository candidate interface az.banking.bankmanagementsystem.repository.TransactionRepository; If you want this repository to be a Redis repository, consider annotating your entities with one of these annotations: org.springframework.data.redis.core.RedisHash (preferred), or consider extending one of the following types with your repository: org.springframework.data.keyvalue.repository.KeyValueRepository
2026-01-05 18:15:38.528 [main] INFO  o.s.d.r.c.RepositoryConfigurationExtensionSupport - Spring Data Redis - Could not safely identify store assignment for repository candidate interface az.banking.bankmanagementsystem.Security.repository.AuthUserRpository; If you want this repository to be a Redis repository, consider annotating your entities with one of these annotations: org.springframework.data.redis.core.RedisHash (preferred), or consider extending one of the following types with your repository: org.springframework.data.keyvalue.repository.KeyValueRepository
2026-01-05 18:15:38.529 [main] INFO  o.s.d.r.c.RepositoryConfigurationDelegate - Finished Spring Data repository scanning in 47 ms. Found 0 Redis repository interfaces.
2026-01-05 18:15:39.844 [main] INFO  o.s.cloud.context.scope.GenericScope - BeanFactory id=35e8a211-81a3-3872-86de-aff95b250821
2026-01-05 18:15:41.720 [main] INFO  o.s.b.w.e.tomcat.TomcatWebServer - Tomcat initialized with port 8080 (http)
2026-01-05 18:15:41.773 [main] INFO  o.a.coyote.http11.Http11NioProtocol - Initializing ProtocolHandler ["http-nio-8080"]
2026-01-05 18:15:41.779 [main] INFO  o.a.catalina.core.StandardService - Starting service [Tomcat]
2026-01-05 18:15:41.779 [main] INFO  o.a.catalina.core.StandardEngine - Starting Servlet engine: [Apache Tomcat/10.1.46]
2026-01-05 18:15:42.083 [main] INFO  o.a.c.c.C.[Tomcat].[localhost].[/] - Initializing Spring embedded WebApplicationContext
2026-01-05 18:15:42.087 [main] INFO  o.s.b.w.s.c.ServletWebServerApplicationContext - Root WebApplicationContext: initialization completed in 8220 ms
2026-01-05 18:15:42.519 [main] INFO  com.zaxxer.hikari.HikariDataSource - HikariPool-1 - Starting...
2026-01-05 18:15:43.165 [main] INFO  com.zaxxer.hikari.pool.HikariPool - HikariPool-1 - Added connection org.postgresql.jdbc.PgConnection@34bf66af
2026-01-05 18:15:43.170 [main] INFO  com.zaxxer.hikari.HikariDataSource - HikariPool-1 - Start completed.
2026-01-05 18:15:43.728 [main] INFO  liquibase.database - Set default schema name to public
2026-01-05 18:15:44.187 [main] INFO  liquibase.changelog - Reading resource: liquibase/1/1.0-create-customer-table.yml
2026-01-05 18:15:44.742 [main] INFO  liquibase.changelog - Reading resource: liquibase/1/2.0-create-account-table.yml
2026-01-05 18:15:44.787 [main] INFO  liquibase.changelog - Reading resource: liquibase/1/3.0-creat-card-table.yml
2026-01-05 18:15:44.832 [main] INFO  liquibase.changelog - Reading resource: liquibase/1/4.0-creat-employees-table.yml
2026-01-05 18:15:44.870 [main] INFO  liquibase.changelog - Reading resource: liquibase/1/5.0-creat-transaction-table.yml
2026-01-05 18:15:44.918 [main] INFO  liquibase.changelog - Reading resource: liquibase/1/6.0-creat-loans-table.yml
2026-01-05 18:15:44.946 [main] INFO  liquibase.changelog - Reading resource: liquibase/1/7.0-creat-AuthUser-table.yml
2026-01-05 18:15:45.728 [main] INFO  liquibase.changelog - Reading from public.databasechangelog
2026-01-05 18:15:46.020 [main] INFO  liquibase.changelog - Reading from public.databasechangelog
2026-01-05 18:15:46.036 [main] INFO  liquibase.util - UPDATE SUMMARY
2026-01-05 18:15:46.036 [main] INFO  liquibase.util - Run:                          0
2026-01-05 18:15:46.036 [main] INFO  liquibase.util - Previously run:               7
2026-01-05 18:15:46.036 [main] INFO  liquibase.util - Filtered out:                 0
2026-01-05 18:15:46.036 [main] INFO  liquibase.util - -------------------------------
2026-01-05 18:15:46.036 [main] INFO  liquibase.util - Total change sets:            7
2026-01-05 18:15:46.036 [main] INFO  liquibase.util - Update summary generated
2026-01-05 18:15:46.130 [main] INFO  liquibase.lockservice - Successfully released change log lock
2026-01-05 18:15:46.136 [main] INFO  liquibase.command - Command execution complete
2026-01-05 18:15:46.422 [main] INFO  o.h.jpa.internal.util.LogHelper - HHH000204: Processing PersistenceUnitInfo [name: default]
2026-01-05 18:15:46.576 [main] INFO  org.hibernate.Version - HHH000412: Hibernate ORM core version 6.6.29.Final
2026-01-05 18:15:46.716 [main] INFO  o.h.c.i.RegionFactoryInitiator - HHH000026: Second-level cache disabled
2026-01-05 18:15:47.666 [main] INFO  o.s.o.j.p.SpringPersistenceUnitInfo - No LoadTimeWeaver setup: ignoring JPA class transformer
2026-01-05 18:15:47.897 [main] INFO  o.hibernate.orm.connections.pooling - HHH10001005: Database info:
	Database JDBC URL [Connecting through datasource 'HikariDataSource (HikariPool-1)']
	Database driver: undefined/unknown
	Database version: 18.0
	Autocommit mode: undefined/unknown
	Isolation level: undefined/unknown
	Minimum pool size: undefined/unknown
	Maximum pool size: undefined/unknown
2026-01-05 18:15:53.161 [main] INFO  o.h.e.t.j.p.i.JtaPlatformInitiator - HHH000489: No JTA platform available (set 'hibernate.transaction.jta.platform' to enable JTA platform integration)
2026-01-05 18:15:53.173 [main] INFO  o.s.o.j.LocalContainerEntityManagerFactoryBean - Initialized JPA EntityManagerFactory for persistence unit 'default'
2026-01-05 18:15:54.137 [main] INFO  o.s.d.j.r.query.QueryEnhancerFactory - Hibernate is in classpath; If applicable, HQL parser will be used.
2026-01-05 18:15:56.032 [main] WARN  o.s.b.w.s.c.AnnotationConfigServletWebServerApplicationContext - Exception encountered during context initialization - cancelling refresh attempt: org.springframework.beans.factory.UnsatisfiedDependencyException: Error creating bean with name 'accountController' defined in file [C:\Users\elcin\IdeaProjects\bank-management-system\build\classes\java\main\az\banking\bankmanagementsystem\controller\AccountController.class]: Unsatisfied dependency expressed through constructor parameter 0: Error creating bean with name 'accountServiceImpl' defined in file [C:\Users\elcin\IdeaProjects\bank-management-system\build\classes\java\main\az\banking\bankmanagementsystem\service\impl\AccountServiceImpl.class]: Unsatisfied dependency expressed through constructor parameter 1: Error creating bean with name 'customerServiceImpl' defined in file [C:\Users\elcin\IdeaProjects\bank-management-system\build\classes\java\main\az\banking\bankmanagementsystem\service\impl\CustomerServiceImpl.class]: Unsatisfied dependency expressed through constructor parameter 4: No qualifying bean of type 'java.lang.String' available: expected at least 1 bean which qualifies as autowire candidate. Dependency annotations: {}
2026-01-05 18:15:56.032 [main] INFO  o.s.o.j.LocalContainerEntityManagerFactoryBean - Closing JPA EntityManagerFactory for persistence unit 'default'
2026-01-05 18:15:56.048 [main] INFO  com.zaxxer.hikari.HikariDataSource - HikariPool-1 - Shutdown initiated...
2026-01-05 18:15:56.057 [main] INFO  com.zaxxer.hikari.HikariDataSource - HikariPool-1 - Shutdown completed.
2026-01-05 18:15:56.065 [main] INFO  o.a.catalina.core.StandardService - Stopping service [Tomcat]
2026-01-05 18:15:56.118 [main] INFO  o.s.b.a.l.ConditionEvaluationReportLogger - 

Error starting ApplicationContext. To display the condition evaluation report re-run your application with 'debug' enabled.
2026-01-05 18:15:56.186 [main] ERROR o.s.b.d.LoggingFailureAnalysisReporter - 

***************************
APPLICATION FAILED TO START
***************************

Description:

Parameter 4 of constructor in az.banking.bankmanagementsystem.service.impl.CustomerServiceImpl required a bean of type 'java.lang.String' that could not be found.


Action:

Consider defining a bean of type 'java.lang.String' in your configuration.

