2025-12-19 17:33:07.408 [background-preinit] INFO  o.h.validator.internal.util.Version - HV000001: Hibernate Validator 8.0.3.Final
2025-12-19 17:33:07.877 [main] INFO  a.b.b.BankManagementSystemApplication - Starting BankManagementSystemApplication using Java 21.0.8 with PID 8344 (C:\Users\elcin\IdeaProjects\bank-management-system\build\classes\java\main started by elcin in C:\Users\elcin\IdeaProjects\bank-management-system)
2025-12-19 17:33:07.879 [main] INFO  a.b.b.BankManagementSystemApplication - No active profile set, falling back to 1 default profile: "default"
2025-12-19 17:33:14.331 [main] INFO  o.s.d.r.c.RepositoryConfigurationDelegate - Multiple Spring Data modules found, entering strict repository configuration mode
2025-12-19 17:33:14.357 [main] INFO  o.s.d.r.c.RepositoryConfigurationDelegate - Bootstrapping Spring Data JPA repositories in DEFAULT mode.
2025-12-19 17:33:15.442 [main] INFO  o.s.d.r.c.RepositoryConfigurationDelegate - Finished Spring Data repository scanning in 1008 ms. Found 3 JPA repository interfaces.
2025-12-19 17:33:15.532 [main] INFO  o.s.d.r.c.RepositoryConfigurationDelegate - Multiple Spring Data modules found, entering strict repository configuration mode
2025-12-19 17:33:15.541 [main] INFO  o.s.d.r.c.RepositoryConfigurationDelegate - Bootstrapping Spring Data Redis repositories in DEFAULT mode.
2025-12-19 17:33:15.646 [main] INFO  o.s.d.r.c.RepositoryConfigurationExtensionSupport - Spring Data Redis - Could not safely identify store assignment for repository candidate interface az.banking.bankmanagementsystem.repository.AccountRepository; If you want this repository to be a Redis repository, consider annotating your entities with one of these annotations: org.springframework.data.redis.core.RedisHash (preferred), or consider extending one of the following types with your repository: org.springframework.data.keyvalue.repository.KeyValueRepository
2025-12-19 17:33:15.661 [main] INFO  o.s.d.r.c.RepositoryConfigurationExtensionSupport - Spring Data Redis - Could not safely identify store assignment for repository candidate interface az.banking.bankmanagementsystem.repository.CustomerRepository; If you want this repository to be a Redis repository, consider annotating your entities with one of these annotations: org.springframework.data.redis.core.RedisHash (preferred), or consider extending one of the following types with your repository: org.springframework.data.keyvalue.repository.KeyValueRepository
2025-12-19 17:33:15.662 [main] INFO  o.s.d.r.c.RepositoryConfigurationExtensionSupport - Spring Data Redis - Could not safely identify store assignment for repository candidate interface az.banking.bankmanagementsystem.repository.TransactionRepository; If you want this repository to be a Redis repository, consider annotating your entities with one of these annotations: org.springframework.data.redis.core.RedisHash (preferred), or consider extending one of the following types with your repository: org.springframework.data.keyvalue.repository.KeyValueRepository
2025-12-19 17:33:15.663 [main] INFO  o.s.d.r.c.RepositoryConfigurationDelegate - Finished Spring Data repository scanning in 66 ms. Found 0 Redis repository interfaces.
2025-12-19 17:33:21.759 [main] INFO  o.s.b.w.e.tomcat.TomcatWebServer - Tomcat initialized with port 8080 (http)
2025-12-19 17:33:21.863 [main] INFO  o.a.coyote.http11.Http11NioProtocol - Initializing ProtocolHandler ["http-nio-8080"]
2025-12-19 17:33:21.868 [main] INFO  o.a.catalina.core.StandardService - Starting service [Tomcat]
2025-12-19 17:33:21.869 [main] INFO  o.a.catalina.core.StandardEngine - Starting Servlet engine: [Apache Tomcat/10.1.46]
2025-12-19 17:33:22.242 [main] INFO  o.a.c.c.C.[Tomcat].[localhost].[/] - Initializing Spring embedded WebApplicationContext
2025-12-19 17:33:22.244 [main] INFO  o.s.b.w.s.c.ServletWebServerApplicationContext - Root WebApplicationContext: initialization completed in 14127 ms
2025-12-19 17:33:23.194 [main] INFO  com.zaxxer.hikari.HikariDataSource - HikariPool-1 - Starting...
2025-12-19 17:33:31.888 [main] INFO  com.zaxxer.hikari.pool.HikariPool - HikariPool-1 - Added connection org.postgresql.jdbc.PgConnection@1008df1e
2025-12-19 17:33:31.895 [main] INFO  com.zaxxer.hikari.HikariDataSource - HikariPool-1 - Start completed.
2025-12-19 17:33:42.677 [main] INFO  liquibase.database - Set default schema name to public
2025-12-19 17:33:43.539 [main] INFO  liquibase.changelog - Reading resource: liquibase/1/1.0-create-customer-table.yml
2025-12-19 17:33:44.476 [main] INFO  liquibase.changelog - Reading resource: liquibase/1/2.0-create-account-table.yml
2025-12-19 17:33:44.538 [main] INFO  liquibase.changelog - Reading resource: liquibase/1/3.0-creat-card-table.yml
2025-12-19 17:33:44.604 [main] INFO  liquibase.changelog - Reading resource: liquibase/1/4.0-creat-employees-table.yml
2025-12-19 17:33:44.694 [main] INFO  liquibase.changelog - Reading resource: liquibase/1/5.0-creat-transaction-table.yml
2025-12-19 17:33:44.790 [main] INFO  liquibase.changelog - Reading resource: liquibase/1/6.0-creat-loans-table.yml
2025-12-19 17:33:51.199 [main] INFO  liquibase.changelog - Reading from public.databasechangelog
2025-12-19 17:33:51.550 [main] INFO  liquibase.changelog - Reading from public.databasechangelog
2025-12-19 17:33:51.580 [main] INFO  liquibase.util - UPDATE SUMMARY
2025-12-19 17:33:51.581 [main] INFO  liquibase.util - Run:                          0
2025-12-19 17:33:51.582 [main] INFO  liquibase.util - Previously run:               6
2025-12-19 17:33:51.582 [main] INFO  liquibase.util - Filtered out:                 0
2025-12-19 17:33:51.582 [main] INFO  liquibase.util - -------------------------------
2025-12-19 17:33:51.582 [main] INFO  liquibase.util - Total change sets:            6
2025-12-19 17:33:51.582 [main] INFO  liquibase.util - Update summary generated
2025-12-19 17:33:52.383 [main] INFO  liquibase.lockservice - Successfully released change log lock
2025-12-19 17:33:52.407 [main] INFO  liquibase.command - Command execution complete
2025-12-19 17:33:53.021 [main] INFO  o.h.jpa.internal.util.LogHelper - HHH000204: Processing PersistenceUnitInfo [name: default]
2025-12-19 17:33:53.514 [main] INFO  org.hibernate.Version - HHH000412: Hibernate ORM core version 6.6.29.Final
2025-12-19 17:33:53.668 [main] INFO  o.h.c.i.RegionFactoryInitiator - HHH000026: Second-level cache disabled
2025-12-19 17:33:55.664 [main] INFO  o.s.o.j.p.SpringPersistenceUnitInfo - No LoadTimeWeaver setup: ignoring JPA class transformer
2025-12-19 17:33:57.379 [main] INFO  o.hibernate.orm.connections.pooling - HHH10001005: Database info:
	Database JDBC URL [Connecting through datasource 'HikariDataSource (HikariPool-1)']
	Database driver: undefined/unknown
	Database version: 18.0
	Autocommit mode: undefined/unknown
	Isolation level: undefined/unknown
	Minimum pool size: undefined/unknown
	Maximum pool size: undefined/unknown
2025-12-19 17:34:06.657 [main] INFO  o.h.e.t.j.p.i.JtaPlatformInitiator - HHH000489: No JTA platform available (set 'hibernate.transaction.jta.platform' to enable JTA platform integration)
2025-12-19 17:34:06.720 [main] INFO  o.s.o.j.LocalContainerEntityManagerFactoryBean - Initialized JPA EntityManagerFactory for persistence unit 'default'
2025-12-19 17:34:10.609 [main] INFO  o.s.d.j.r.query.QueryEnhancerFactory - Hibernate is in classpath; If applicable, HQL parser will be used.
2025-12-19 17:34:25.886 [main] INFO  o.a.coyote.http11.Http11NioProtocol - Starting ProtocolHandler ["http-nio-8080"]
2025-12-19 17:34:26.080 [main] INFO  o.s.b.w.e.tomcat.TomcatWebServer - Tomcat started on port 8080 (http) with context path '/'
2025-12-19 17:34:26.115 [main] INFO  a.b.b.BankManagementSystemApplication - Started BankManagementSystemApplication in 82.615 seconds (process running for 91.088)
2025-12-19 17:34:50.952 [http-nio-8080-exec-1] INFO  o.a.c.c.C.[Tomcat].[localhost].[/] - Initializing Spring DispatcherServlet 'dispatcherServlet'
2025-12-19 17:34:50.953 [http-nio-8080-exec-1] INFO  o.s.web.servlet.DispatcherServlet - Initializing Servlet 'dispatcherServlet'
2025-12-19 17:34:50.975 [http-nio-8080-exec-1] INFO  o.s.web.servlet.DispatcherServlet - Completed initialization in 18 ms
2025-12-19 17:43:42.068 [SpringApplicationShutdownHook] INFO  o.s.b.w.e.tomcat.GracefulShutdown - Commencing graceful shutdown. Waiting for active requests to complete
2025-12-19 17:43:42.160 [tomcat-shutdown] INFO  o.s.b.w.e.tomcat.GracefulShutdown - Graceful shutdown complete
2025-12-19 17:43:42.867 [SpringApplicationShutdownHook] INFO  o.s.o.j.LocalContainerEntityManagerFactoryBean - Closing JPA EntityManagerFactory for persistence unit 'default'
2025-12-19 17:43:42.960 [SpringApplicationShutdownHook] INFO  com.zaxxer.hikari.HikariDataSource - HikariPool-1 - Shutdown initiated...
2025-12-19 17:43:43.058 [SpringApplicationShutdownHook] INFO  com.zaxxer.hikari.HikariDataSource - HikariPool-1 - Shutdown completed.
2025-12-19 17:44:09.175 [background-preinit] INFO  o.h.validator.internal.util.Version - HV000001: Hibernate Validator 8.0.3.Final
2025-12-19 17:44:09.303 [main] INFO  a.b.b.BankManagementSystemApplication - Starting BankManagementSystemApplication using Java 21.0.8 with PID 7528 (C:\Users\elcin\IdeaProjects\bank-management-system\build\classes\java\main started by elcin in C:\Users\elcin\IdeaProjects\bank-management-system)
2025-12-19 17:44:09.305 [main] INFO  a.b.b.BankManagementSystemApplication - No active profile set, falling back to 1 default profile: "default"
2025-12-19 17:44:12.027 [main] INFO  o.s.d.r.c.RepositoryConfigurationDelegate - Multiple Spring Data modules found, entering strict repository configuration mode
2025-12-19 17:44:12.033 [main] INFO  o.s.d.r.c.RepositoryConfigurationDelegate - Bootstrapping Spring Data JPA repositories in DEFAULT mode.
2025-12-19 17:44:12.915 [main] INFO  o.s.d.r.c.RepositoryConfigurationDelegate - Finished Spring Data repository scanning in 857 ms. Found 3 JPA repository interfaces.
2025-12-19 17:44:13.006 [main] INFO  o.s.d.r.c.RepositoryConfigurationDelegate - Multiple Spring Data modules found, entering strict repository configuration mode
2025-12-19 17:44:13.012 [main] INFO  o.s.d.r.c.RepositoryConfigurationDelegate - Bootstrapping Spring Data Redis repositories in DEFAULT mode.
2025-12-19 17:44:13.249 [main] INFO  o.s.d.r.c.RepositoryConfigurationExtensionSupport - Spring Data Redis - Could not safely identify store assignment for repository candidate interface az.banking.bankmanagementsystem.repository.AccountRepository; If you want this repository to be a Redis repository, consider annotating your entities with one of these annotations: org.springframework.data.redis.core.RedisHash (preferred), or consider extending one of the following types with your repository: org.springframework.data.keyvalue.repository.KeyValueRepository
2025-12-19 17:44:13.254 [main] INFO  o.s.d.r.c.RepositoryConfigurationExtensionSupport - Spring Data Redis - Could not safely identify store assignment for repository candidate interface az.banking.bankmanagementsystem.repository.CustomerRepository; If you want this repository to be a Redis repository, consider annotating your entities with one of these annotations: org.springframework.data.redis.core.RedisHash (preferred), or consider extending one of the following types with your repository: org.springframework.data.keyvalue.repository.KeyValueRepository
2025-12-19 17:44:13.257 [main] INFO  o.s.d.r.c.RepositoryConfigurationExtensionSupport - Spring Data Redis - Could not safely identify store assignment for repository candidate interface az.banking.bankmanagementsystem.repository.TransactionRepository; If you want this repository to be a Redis repository, consider annotating your entities with one of these annotations: org.springframework.data.redis.core.RedisHash (preferred), or consider extending one of the following types with your repository: org.springframework.data.keyvalue.repository.KeyValueRepository
2025-12-19 17:44:13.258 [main] INFO  o.s.d.r.c.RepositoryConfigurationDelegate - Finished Spring Data repository scanning in 190 ms. Found 0 Redis repository interfaces.
2025-12-19 17:44:16.752 [main] INFO  o.s.b.w.e.tomcat.TomcatWebServer - Tomcat initialized with port 8080 (http)
2025-12-19 17:44:16.793 [main] INFO  o.a.coyote.http11.Http11NioProtocol - Initializing ProtocolHandler ["http-nio-8080"]
2025-12-19 17:44:16.798 [main] INFO  o.a.catalina.core.StandardService - Starting service [Tomcat]
2025-12-19 17:44:16.799 [main] INFO  o.a.catalina.core.StandardEngine - Starting Servlet engine: [Apache Tomcat/10.1.46]
2025-12-19 17:44:17.034 [main] INFO  o.a.c.c.C.[Tomcat].[localhost].[/] - Initializing Spring embedded WebApplicationContext
2025-12-19 17:44:17.039 [main] INFO  o.s.b.w.s.c.ServletWebServerApplicationContext - Root WebApplicationContext: initialization completed in 7557 ms
2025-12-19 17:44:17.668 [main] INFO  com.zaxxer.hikari.HikariDataSource - HikariPool-1 - Starting...
2025-12-19 17:44:18.874 [main] INFO  com.zaxxer.hikari.pool.HikariPool - HikariPool-1 - Added connection org.postgresql.jdbc.PgConnection@36871e98
2025-12-19 17:44:18.881 [main] INFO  com.zaxxer.hikari.HikariDataSource - HikariPool-1 - Start completed.
2025-12-19 17:44:20.096 [main] INFO  liquibase.database - Set default schema name to public
2025-12-19 17:44:20.866 [main] INFO  liquibase.changelog - Reading resource: liquibase/1/1.0-create-customer-table.yml
2025-12-19 17:44:21.292 [main] INFO  liquibase.changelog - Reading resource: liquibase/1/2.0-create-account-table.yml
2025-12-19 17:44:21.337 [main] INFO  liquibase.changelog - Reading resource: liquibase/1/3.0-creat-card-table.yml
2025-12-19 17:44:21.369 [main] INFO  liquibase.changelog - Reading resource: liquibase/1/4.0-creat-employees-table.yml
2025-12-19 17:44:21.413 [main] INFO  liquibase.changelog - Reading resource: liquibase/1/5.0-creat-transaction-table.yml
2025-12-19 17:44:21.469 [main] INFO  liquibase.changelog - Reading resource: liquibase/1/6.0-creat-loans-table.yml
2025-12-19 17:44:21.798 [main] INFO  liquibase.changelog - Reading from public.databasechangelog
2025-12-19 17:44:21.993 [main] INFO  liquibase.changelog - Reading from public.databasechangelog
2025-12-19 17:44:22.025 [main] INFO  liquibase.util - UPDATE SUMMARY
2025-12-19 17:44:22.025 [main] INFO  liquibase.util - Run:                          0
2025-12-19 17:44:22.026 [main] INFO  liquibase.util - Previously run:               6
2025-12-19 17:44:22.026 [main] INFO  liquibase.util - Filtered out:                 0
2025-12-19 17:44:22.026 [main] INFO  liquibase.util - -------------------------------
2025-12-19 17:44:22.026 [main] INFO  liquibase.util - Total change sets:            6
2025-12-19 17:44:22.026 [main] INFO  liquibase.util - Update summary generated
2025-12-19 17:44:22.136 [main] INFO  liquibase.lockservice - Successfully released change log lock
2025-12-19 17:44:22.142 [main] INFO  liquibase.command - Command execution complete
2025-12-19 17:44:22.392 [main] INFO  o.h.jpa.internal.util.LogHelper - HHH000204: Processing PersistenceUnitInfo [name: default]
2025-12-19 17:44:22.584 [main] INFO  org.hibernate.Version - HHH000412: Hibernate ORM core version 6.6.29.Final
2025-12-19 17:44:22.720 [main] INFO  o.h.c.i.RegionFactoryInitiator - HHH000026: Second-level cache disabled
2025-12-19 17:44:25.587 [main] INFO  o.s.o.j.p.SpringPersistenceUnitInfo - No LoadTimeWeaver setup: ignoring JPA class transformer
2025-12-19 17:44:26.976 [main] INFO  o.hibernate.orm.connections.pooling - HHH10001005: Database info:
	Database JDBC URL [Connecting through datasource 'HikariDataSource (HikariPool-1)']
	Database driver: undefined/unknown
	Database version: 18.0
	Autocommit mode: undefined/unknown
	Isolation level: undefined/unknown
	Minimum pool size: undefined/unknown
	Maximum pool size: undefined/unknown
2025-12-19 17:44:35.327 [main] INFO  o.h.e.t.j.p.i.JtaPlatformInitiator - HHH000489: No JTA platform available (set 'hibernate.transaction.jta.platform' to enable JTA platform integration)
2025-12-19 17:44:35.335 [main] INFO  o.s.o.j.LocalContainerEntityManagerFactoryBean - Initialized JPA EntityManagerFactory for persistence unit 'default'
2025-12-19 17:44:36.182 [main] INFO  o.s.d.j.r.query.QueryEnhancerFactory - Hibernate is in classpath; If applicable, HQL parser will be used.
2025-12-19 17:44:42.900 [main] WARN  o.s.b.a.s.s.UserDetailsServiceAutoConfiguration - 

Using generated security password: 514a2a5b-6617-43fc-98b2-eac75ce2b522

This generated password is for development use only. Your security configuration must be updated before running your application in production.

2025-12-19 17:44:42.921 [main] INFO  o.s.s.c.a.a.c.InitializeUserDetailsBeanManagerConfigurer$InitializeUserDetailsManagerConfigurer - Global AuthenticationManager configured with UserDetailsService bean with name inMemoryUserDetailsManager
2025-12-19 17:44:44.676 [main] INFO  o.a.coyote.http11.Http11NioProtocol - Starting ProtocolHandler ["http-nio-8080"]
2025-12-19 17:44:44.717 [main] INFO  o.s.b.w.e.tomcat.TomcatWebServer - Tomcat started on port 8080 (http) with context path '/'
2025-12-19 17:44:44.740 [main] INFO  a.b.b.BankManagementSystemApplication - Started BankManagementSystemApplication in 36.815 seconds (process running for 38.864)
2025-12-19 17:44:48.924 [SpringApplicationShutdownHook] INFO  o.s.b.w.e.tomcat.GracefulShutdown - Commencing graceful shutdown. Waiting for active requests to complete
2025-12-19 17:44:49.027 [tomcat-shutdown] INFO  o.s.b.w.e.tomcat.GracefulShutdown - Graceful shutdown complete
2025-12-19 17:44:49.387 [SpringApplicationShutdownHook] INFO  o.s.o.j.LocalContainerEntityManagerFactoryBean - Closing JPA EntityManagerFactory for persistence unit 'default'
2025-12-19 17:44:49.397 [SpringApplicationShutdownHook] INFO  com.zaxxer.hikari.HikariDataSource - HikariPool-1 - Shutdown initiated...
2025-12-19 17:44:49.523 [SpringApplicationShutdownHook] INFO  com.zaxxer.hikari.HikariDataSource - HikariPool-1 - Shutdown completed.
2025-12-19 17:45:11.896 [background-preinit] INFO  o.h.validator.internal.util.Version - HV000001: Hibernate Validator 8.0.3.Final
2025-12-19 17:45:11.998 [main] INFO  a.b.b.BankManagementSystemApplication - Starting BankManagementSystemApplication using Java 21.0.8 with PID 9372 (C:\Users\elcin\IdeaProjects\bank-management-system\build\classes\java\main started by elcin in C:\Users\elcin\IdeaProjects\bank-management-system)
2025-12-19 17:45:11.998 [main] INFO  a.b.b.BankManagementSystemApplication - No active profile set, falling back to 1 default profile: "default"
2025-12-19 17:45:16.765 [main] INFO  o.s.d.r.c.RepositoryConfigurationDelegate - Multiple Spring Data modules found, entering strict repository configuration mode
2025-12-19 17:45:16.765 [main] INFO  o.s.d.r.c.RepositoryConfigurationDelegate - Bootstrapping Spring Data JPA repositories in DEFAULT mode.
2025-12-19 17:45:17.254 [main] INFO  o.s.d.r.c.RepositoryConfigurationDelegate - Finished Spring Data repository scanning in 467 ms. Found 3 JPA repository interfaces.
2025-12-19 17:45:17.301 [main] INFO  o.s.d.r.c.RepositoryConfigurationDelegate - Multiple Spring Data modules found, entering strict repository configuration mode
2025-12-19 17:45:17.301 [main] INFO  o.s.d.r.c.RepositoryConfigurationDelegate - Bootstrapping Spring Data Redis repositories in DEFAULT mode.
2025-12-19 17:45:17.378 [main] INFO  o.s.d.r.c.RepositoryConfigurationExtensionSupport - Spring Data Redis - Could not safely identify store assignment for repository candidate interface az.banking.bankmanagementsystem.repository.AccountRepository; If you want this repository to be a Redis repository, consider annotating your entities with one of these annotations: org.springframework.data.redis.core.RedisHash (preferred), or consider extending one of the following types with your repository: org.springframework.data.keyvalue.repository.KeyValueRepository
2025-12-19 17:45:17.386 [main] INFO  o.s.d.r.c.RepositoryConfigurationExtensionSupport - Spring Data Redis - Could not safely identify store assignment for repository candidate interface az.banking.bankmanagementsystem.repository.CustomerRepository; If you want this repository to be a Redis repository, consider annotating your entities with one of these annotations: org.springframework.data.redis.core.RedisHash (preferred), or consider extending one of the following types with your repository: org.springframework.data.keyvalue.repository.KeyValueRepository
2025-12-19 17:45:17.386 [main] INFO  o.s.d.r.c.RepositoryConfigurationExtensionSupport - Spring Data Redis - Could not safely identify store assignment for repository candidate interface az.banking.bankmanagementsystem.repository.TransactionRepository; If you want this repository to be a Redis repository, consider annotating your entities with one of these annotations: org.springframework.data.redis.core.RedisHash (preferred), or consider extending one of the following types with your repository: org.springframework.data.keyvalue.repository.KeyValueRepository
2025-12-19 17:45:17.386 [main] INFO  o.s.d.r.c.RepositoryConfigurationDelegate - Finished Spring Data repository scanning in 40 ms. Found 0 Redis repository interfaces.
2025-12-19 17:45:19.398 [main] INFO  o.s.b.w.e.tomcat.TomcatWebServer - Tomcat initialized with port 8080 (http)
2025-12-19 17:45:19.423 [main] INFO  o.a.coyote.http11.Http11NioProtocol - Initializing ProtocolHandler ["http-nio-8080"]
2025-12-19 17:45:19.423 [main] INFO  o.a.catalina.core.StandardService - Starting service [Tomcat]
2025-12-19 17:45:19.433 [main] INFO  o.a.catalina.core.StandardEngine - Starting Servlet engine: [Apache Tomcat/10.1.46]
2025-12-19 17:45:19.611 [main] INFO  o.a.c.c.C.[Tomcat].[localhost].[/] - Initializing Spring embedded WebApplicationContext
2025-12-19 17:45:19.611 [main] INFO  o.s.b.w.s.c.ServletWebServerApplicationContext - Root WebApplicationContext: initialization completed in 7501 ms
2025-12-19 17:45:20.020 [main] INFO  com.zaxxer.hikari.HikariDataSource - HikariPool-1 - Starting...
2025-12-19 17:45:20.567 [main] INFO  com.zaxxer.hikari.pool.HikariPool - HikariPool-1 - Added connection org.postgresql.jdbc.PgConnection@33430fc
2025-12-19 17:45:20.567 [main] INFO  com.zaxxer.hikari.HikariDataSource - HikariPool-1 - Start completed.
2025-12-19 17:45:20.995 [main] INFO  liquibase.database - Set default schema name to public
2025-12-19 17:45:21.407 [main] INFO  liquibase.changelog - Reading resource: liquibase/1/1.0-create-customer-table.yml
2025-12-19 17:45:21.854 [main] INFO  liquibase.changelog - Reading resource: liquibase/1/2.0-create-account-table.yml
2025-12-19 17:45:21.877 [main] INFO  liquibase.changelog - Reading resource: liquibase/1/3.0-creat-card-table.yml
2025-12-19 17:45:21.939 [main] INFO  liquibase.changelog - Reading resource: liquibase/1/4.0-creat-employees-table.yml
2025-12-19 17:45:21.971 [main] INFO  liquibase.changelog - Reading resource: liquibase/1/5.0-creat-transaction-table.yml
2025-12-19 17:45:22.013 [main] INFO  liquibase.changelog - Reading resource: liquibase/1/6.0-creat-loans-table.yml
2025-12-19 17:45:22.248 [main] INFO  liquibase.changelog - Reading from public.databasechangelog
2025-12-19 17:45:22.410 [main] INFO  liquibase.changelog - Reading from public.databasechangelog
2025-12-19 17:45:22.426 [main] INFO  liquibase.util - UPDATE SUMMARY
2025-12-19 17:45:22.426 [main] INFO  liquibase.util - Run:                          0
2025-12-19 17:45:22.426 [main] INFO  liquibase.util - Previously run:               6
2025-12-19 17:45:22.426 [main] INFO  liquibase.util - Filtered out:                 0
2025-12-19 17:45:22.426 [main] INFO  liquibase.util - -------------------------------
2025-12-19 17:45:22.426 [main] INFO  liquibase.util - Total change sets:            6
2025-12-19 17:45:22.426 [main] INFO  liquibase.util - Update summary generated
2025-12-19 17:45:22.511 [main] INFO  liquibase.lockservice - Successfully released change log lock
2025-12-19 17:45:22.518 [main] INFO  liquibase.command - Command execution complete
2025-12-19 17:45:22.758 [main] INFO  o.h.jpa.internal.util.LogHelper - HHH000204: Processing PersistenceUnitInfo [name: default]
2025-12-19 17:45:22.933 [main] INFO  org.hibernate.Version - HHH000412: Hibernate ORM core version 6.6.29.Final
2025-12-19 17:45:23.056 [main] INFO  o.h.c.i.RegionFactoryInitiator - HHH000026: Second-level cache disabled
2025-12-19 17:45:23.829 [main] INFO  o.s.o.j.p.SpringPersistenceUnitInfo - No LoadTimeWeaver setup: ignoring JPA class transformer
2025-12-19 17:45:24.256 [main] INFO  o.hibernate.orm.connections.pooling - HHH10001005: Database info:
	Database JDBC URL [Connecting through datasource 'HikariDataSource (HikariPool-1)']
	Database driver: undefined/unknown
	Database version: 18.0
	Autocommit mode: undefined/unknown
	Isolation level: undefined/unknown
	Minimum pool size: undefined/unknown
	Maximum pool size: undefined/unknown
2025-12-19 17:45:28.255 [main] INFO  o.h.e.t.j.p.i.JtaPlatformInitiator - HHH000489: No JTA platform available (set 'hibernate.transaction.jta.platform' to enable JTA platform integration)
2025-12-19 17:45:28.266 [main] INFO  o.s.o.j.LocalContainerEntityManagerFactoryBean - Initialized JPA EntityManagerFactory for persistence unit 'default'
2025-12-19 17:45:28.990 [main] INFO  o.s.d.j.r.query.QueryEnhancerFactory - Hibernate is in classpath; If applicable, HQL parser will be used.
2025-12-19 17:45:33.553 [main] WARN  o.s.b.a.s.s.UserDetailsServiceAutoConfiguration - 

Using generated security password: ad16628c-a169-4c0c-98c6-b64b89127b22

This generated password is for development use only. Your security configuration must be updated before running your application in production.

2025-12-19 17:45:33.574 [main] INFO  o.s.s.c.a.a.c.InitializeUserDetailsBeanManagerConfigurer$InitializeUserDetailsManagerConfigurer - Global AuthenticationManager configured with UserDetailsService bean with name inMemoryUserDetailsManager
2025-12-19 17:45:37.515 [main] INFO  o.a.coyote.http11.Http11NioProtocol - Starting ProtocolHandler ["http-nio-8080"]
2025-12-19 17:45:37.957 [main] INFO  o.s.b.w.e.tomcat.TomcatWebServer - Tomcat started on port 8080 (http) with context path '/'
2025-12-19 17:45:37.991 [main] INFO  a.b.b.BankManagementSystemApplication - Started BankManagementSystemApplication in 27.443 seconds (process running for 29.214)
2025-12-19 17:45:45.036 [http-nio-8080-exec-1] INFO  o.a.c.c.C.[Tomcat].[localhost].[/] - Initializing Spring DispatcherServlet 'dispatcherServlet'
2025-12-19 17:45:45.037 [http-nio-8080-exec-1] INFO  o.s.web.servlet.DispatcherServlet - Initializing Servlet 'dispatcherServlet'
2025-12-19 17:45:45.040 [http-nio-8080-exec-1] INFO  o.s.web.servlet.DispatcherServlet - Completed initialization in 2 ms
2025-12-19 17:47:43.080 [SpringApplicationShutdownHook] INFO  o.s.b.w.e.tomcat.GracefulShutdown - Commencing graceful shutdown. Waiting for active requests to complete
2025-12-19 17:47:43.194 [tomcat-shutdown] INFO  o.s.b.w.e.tomcat.GracefulShutdown - Graceful shutdown complete
2025-12-19 17:47:43.604 [SpringApplicationShutdownHook] INFO  o.s.o.j.LocalContainerEntityManagerFactoryBean - Closing JPA EntityManagerFactory for persistence unit 'default'
2025-12-19 17:47:43.622 [SpringApplicationShutdownHook] INFO  com.zaxxer.hikari.HikariDataSource - HikariPool-1 - Shutdown initiated...
2025-12-19 17:47:43.684 [SpringApplicationShutdownHook] INFO  com.zaxxer.hikari.HikariDataSource - HikariPool-1 - Shutdown completed.
2025-12-19 17:48:13.590 [background-preinit] INFO  o.h.validator.internal.util.Version - HV000001: Hibernate Validator 8.0.3.Final
2025-12-19 17:48:14.013 [main] INFO  a.b.b.BankManagementSystemApplication - Starting BankManagementSystemApplication using Java 21.0.8 with PID 3660 (C:\Users\elcin\IdeaProjects\bank-management-system\build\classes\java\main started by elcin in C:\Users\elcin\IdeaProjects\bank-management-system)
2025-12-19 17:48:14.018 [main] INFO  a.b.b.BankManagementSystemApplication - No active profile set, falling back to 1 default profile: "default"
2025-12-19 17:48:21.117 [main] INFO  o.s.d.r.c.RepositoryConfigurationDelegate - Multiple Spring Data modules found, entering strict repository configuration mode
2025-12-19 17:48:21.121 [main] INFO  o.s.d.r.c.RepositoryConfigurationDelegate - Bootstrapping Spring Data JPA repositories in DEFAULT mode.
2025-12-19 17:48:21.817 [main] INFO  o.s.d.r.c.RepositoryConfigurationDelegate - Finished Spring Data repository scanning in 670 ms. Found 3 JPA repository interfaces.
2025-12-19 17:48:21.873 [main] INFO  o.s.d.r.c.RepositoryConfigurationDelegate - Multiple Spring Data modules found, entering strict repository configuration mode
2025-12-19 17:48:21.877 [main] INFO  o.s.d.r.c.RepositoryConfigurationDelegate - Bootstrapping Spring Data Redis repositories in DEFAULT mode.
2025-12-19 17:48:21.946 [main] INFO  o.s.d.r.c.RepositoryConfigurationExtensionSupport - Spring Data Redis - Could not safely identify store assignment for repository candidate interface az.banking.bankmanagementsystem.repository.AccountRepository; If you want this repository to be a Redis repository, consider annotating your entities with one of these annotations: org.springframework.data.redis.core.RedisHash (preferred), or consider extending one of the following types with your repository: org.springframework.data.keyvalue.repository.KeyValueRepository
2025-12-19 17:48:21.951 [main] INFO  o.s.d.r.c.RepositoryConfigurationExtensionSupport - Spring Data Redis - Could not safely identify store assignment for repository candidate interface az.banking.bankmanagementsystem.repository.CustomerRepository; If you want this repository to be a Redis repository, consider annotating your entities with one of these annotations: org.springframework.data.redis.core.RedisHash (preferred), or consider extending one of the following types with your repository: org.springframework.data.keyvalue.repository.KeyValueRepository
2025-12-19 17:48:21.953 [main] INFO  o.s.d.r.c.RepositoryConfigurationExtensionSupport - Spring Data Redis - Could not safely identify store assignment for repository candidate interface az.banking.bankmanagementsystem.repository.TransactionRepository; If you want this repository to be a Redis repository, consider annotating your entities with one of these annotations: org.springframework.data.redis.core.RedisHash (preferred), or consider extending one of the following types with your repository: org.springframework.data.keyvalue.repository.KeyValueRepository
2025-12-19 17:48:21.953 [main] INFO  o.s.d.r.c.RepositoryConfigurationDelegate - Finished Spring Data repository scanning in 42 ms. Found 0 Redis repository interfaces.
2025-12-19 17:48:31.570 [main] INFO  o.s.b.w.e.tomcat.TomcatWebServer - Tomcat initialized with port 8080 (http)
2025-12-19 17:48:31.632 [main] INFO  o.a.coyote.http11.Http11NioProtocol - Initializing ProtocolHandler ["http-nio-8080"]
2025-12-19 17:48:31.639 [main] INFO  o.a.catalina.core.StandardService - Starting service [Tomcat]
2025-12-19 17:48:31.647 [main] INFO  o.a.catalina.core.StandardEngine - Starting Servlet engine: [Apache Tomcat/10.1.46]
2025-12-19 17:48:33.933 [main] INFO  o.a.c.c.C.[Tomcat].[localhost].[/] - Initializing Spring embedded WebApplicationContext
2025-12-19 17:48:33.933 [main] INFO  o.s.b.w.s.c.ServletWebServerApplicationContext - Root WebApplicationContext: initialization completed in 19377 ms
2025-12-19 17:48:35.488 [main] INFO  com.zaxxer.hikari.HikariDataSource - HikariPool-1 - Starting...
2025-12-19 17:48:45.286 [main] INFO  com.zaxxer.hikari.pool.HikariPool - HikariPool-1 - Added connection org.postgresql.jdbc.PgConnection@4489f60f
2025-12-19 17:48:45.294 [main] INFO  com.zaxxer.hikari.HikariDataSource - HikariPool-1 - Start completed.
2025-12-19 17:48:48.266 [main] INFO  liquibase.database - Set default schema name to public
2025-12-19 17:48:50.248 [main] INFO  liquibase.changelog - Reading resource: liquibase/1/1.0-create-customer-table.yml
2025-12-19 17:48:51.292 [main] INFO  liquibase.changelog - Reading resource: liquibase/1/2.0-create-account-table.yml
2025-12-19 17:48:51.377 [main] INFO  liquibase.changelog - Reading resource: liquibase/1/3.0-creat-card-table.yml
2025-12-19 17:48:51.439 [main] INFO  liquibase.changelog - Reading resource: liquibase/1/4.0-creat-employees-table.yml
2025-12-19 17:48:51.484 [main] INFO  liquibase.changelog - Reading resource: liquibase/1/5.0-creat-transaction-table.yml
2025-12-19 17:48:52.172 [main] INFO  liquibase.changelog - Reading resource: liquibase/1/6.0-creat-loans-table.yml
2025-12-19 17:48:59.040 [main] INFO  liquibase.changelog - Reading from public.databasechangelog
2025-12-19 17:48:59.485 [main] INFO  liquibase.changelog - Reading from public.databasechangelog
2025-12-19 17:48:59.518 [main] INFO  liquibase.util - UPDATE SUMMARY
2025-12-19 17:48:59.518 [main] INFO  liquibase.util - Run:                          0
2025-12-19 17:48:59.519 [main] INFO  liquibase.util - Previously run:               6
2025-12-19 17:48:59.519 [main] INFO  liquibase.util - Filtered out:                 0
2025-12-19 17:48:59.519 [main] INFO  liquibase.util - -------------------------------
2025-12-19 17:48:59.519 [main] INFO  liquibase.util - Total change sets:            6
2025-12-19 17:48:59.520 [main] INFO  liquibase.util - Update summary generated
2025-12-19 17:49:00.530 [main] INFO  liquibase.lockservice - Successfully released change log lock
2025-12-19 17:49:00.548 [main] INFO  liquibase.command - Command execution complete
2025-12-19 17:49:01.528 [main] INFO  o.h.jpa.internal.util.LogHelper - HHH000204: Processing PersistenceUnitInfo [name: default]
2025-12-19 17:49:02.724 [main] INFO  org.hibernate.Version - HHH000412: Hibernate ORM core version 6.6.29.Final
2025-12-19 17:49:03.154 [main] INFO  o.h.c.i.RegionFactoryInitiator - HHH000026: Second-level cache disabled
2025-12-19 17:49:06.217 [main] INFO  o.s.o.j.p.SpringPersistenceUnitInfo - No LoadTimeWeaver setup: ignoring JPA class transformer
2025-12-19 17:49:10.167 [main] INFO  o.hibernate.orm.connections.pooling - HHH10001005: Database info:
	Database JDBC URL [Connecting through datasource 'HikariDataSource (HikariPool-1)']
	Database driver: undefined/unknown
	Database version: 18.0
	Autocommit mode: undefined/unknown
	Isolation level: undefined/unknown
	Minimum pool size: undefined/unknown
	Maximum pool size: undefined/unknown
2025-12-19 17:49:21.559 [main] INFO  o.h.e.t.j.p.i.JtaPlatformInitiator - HHH000489: No JTA platform available (set 'hibernate.transaction.jta.platform' to enable JTA platform integration)
2025-12-19 17:49:21.583 [main] INFO  o.s.o.j.LocalContainerEntityManagerFactoryBean - Initialized JPA EntityManagerFactory for persistence unit 'default'
2025-12-19 17:49:22.981 [main] INFO  o.s.d.j.r.query.QueryEnhancerFactory - Hibernate is in classpath; If applicable, HQL parser will be used.
2025-12-19 17:49:44.694 [main] WARN  o.s.b.a.s.s.UserDetailsServiceAutoConfiguration - 

Using generated security password: 4c6335a4-9cae-43cb-bf89-df12f0c4e971

This generated password is for development use only. Your security configuration must be updated before running your application in production.

2025-12-19 17:49:44.729 [main] INFO  o.s.s.c.a.a.c.InitializeUserDetailsBeanManagerConfigurer$InitializeUserDetailsManagerConfigurer - Global AuthenticationManager configured with UserDetailsService bean with name inMemoryUserDetailsManager
2025-12-19 17:49:46.995 [main] INFO  o.a.coyote.http11.Http11NioProtocol - Starting ProtocolHandler ["http-nio-8080"]
2025-12-19 17:49:47.075 [main] INFO  o.s.b.w.e.tomcat.TomcatWebServer - Tomcat started on port 8080 (http) with context path '/'
2025-12-19 17:49:47.115 [main] INFO  a.b.b.BankManagementSystemApplication - Started BankManagementSystemApplication in 99.681 seconds (process running for 103.757)
2025-12-19 17:50:52.788 [http-nio-8080-exec-1] INFO  o.a.c.c.C.[Tomcat].[localhost].[/] - Initializing Spring DispatcherServlet 'dispatcherServlet'
2025-12-19 17:50:52.788 [http-nio-8080-exec-1] INFO  o.s.web.servlet.DispatcherServlet - Initializing Servlet 'dispatcherServlet'
2025-12-19 17:50:52.835 [http-nio-8080-exec-1] INFO  o.s.web.servlet.DispatcherServlet - Completed initialization in 39 ms
2025-12-19 17:50:53.285 [http-nio-8080-exec-1] WARN  o.a.c.util.SessionIdGeneratorBase - Creation of SecureRandom instance for session ID generation using [SHA1PRNG] took [212] milliseconds.
2025-12-19 17:51:24.020 [SpringApplicationShutdownHook] INFO  o.s.b.w.e.tomcat.GracefulShutdown - Commencing graceful shutdown. Waiting for active requests to complete
2025-12-19 17:51:24.061 [tomcat-shutdown] INFO  o.s.b.w.e.tomcat.GracefulShutdown - Graceful shutdown complete
2025-12-19 17:51:24.480 [SpringApplicationShutdownHook] INFO  o.s.o.j.LocalContainerEntityManagerFactoryBean - Closing JPA EntityManagerFactory for persistence unit 'default'
2025-12-19 17:51:24.584 [SpringApplicationShutdownHook] INFO  com.zaxxer.hikari.HikariDataSource - HikariPool-1 - Shutdown initiated...
2025-12-19 17:51:24.608 [SpringApplicationShutdownHook] INFO  com.zaxxer.hikari.HikariDataSource - HikariPool-1 - Shutdown completed.
2025-12-19 17:51:54.405 [background-preinit] INFO  o.h.validator.internal.util.Version - HV000001: Hibernate Validator 8.0.3.Final
2025-12-19 17:51:54.662 [main] INFO  a.b.b.BankManagementSystemApplication - Starting BankManagementSystemApplication using Java 21.0.8 with PID 14020 (C:\Users\elcin\IdeaProjects\bank-management-system\build\classes\java\main started by elcin in C:\Users\elcin\IdeaProjects\bank-management-system)
2025-12-19 17:51:54.662 [main] INFO  a.b.b.BankManagementSystemApplication - No active profile set, falling back to 1 default profile: "default"
2025-12-19 17:51:58.229 [main] INFO  o.s.d.r.c.RepositoryConfigurationDelegate - Multiple Spring Data modules found, entering strict repository configuration mode
2025-12-19 17:51:58.229 [main] INFO  o.s.d.r.c.RepositoryConfigurationDelegate - Bootstrapping Spring Data JPA repositories in DEFAULT mode.
2025-12-19 17:51:58.823 [main] INFO  o.s.d.r.c.RepositoryConfigurationDelegate - Finished Spring Data repository scanning in 566 ms. Found 3 JPA repository interfaces.
2025-12-19 17:51:58.867 [main] INFO  o.s.d.r.c.RepositoryConfigurationDelegate - Multiple Spring Data modules found, entering strict repository configuration mode
2025-12-19 17:51:58.875 [main] INFO  o.s.d.r.c.RepositoryConfigurationDelegate - Bootstrapping Spring Data Redis repositories in DEFAULT mode.
2025-12-19 17:51:58.932 [main] INFO  o.s.d.r.c.RepositoryConfigurationExtensionSupport - Spring Data Redis - Could not safely identify store assignment for repository candidate interface az.banking.bankmanagementsystem.repository.AccountRepository; If you want this repository to be a Redis repository, consider annotating your entities with one of these annotations: org.springframework.data.redis.core.RedisHash (preferred), or consider extending one of the following types with your repository: org.springframework.data.keyvalue.repository.KeyValueRepository
2025-12-19 17:51:58.932 [main] INFO  o.s.d.r.c.RepositoryConfigurationExtensionSupport - Spring Data Redis - Could not safely identify store assignment for repository candidate interface az.banking.bankmanagementsystem.repository.CustomerRepository; If you want this repository to be a Redis repository, consider annotating your entities with one of these annotations: org.springframework.data.redis.core.RedisHash (preferred), or consider extending one of the following types with your repository: org.springframework.data.keyvalue.repository.KeyValueRepository
2025-12-19 17:51:58.932 [main] INFO  o.s.d.r.c.RepositoryConfigurationExtensionSupport - Spring Data Redis - Could not safely identify store assignment for repository candidate interface az.banking.bankmanagementsystem.repository.TransactionRepository; If you want this repository to be a Redis repository, consider annotating your entities with one of these annotations: org.springframework.data.redis.core.RedisHash (preferred), or consider extending one of the following types with your repository: org.springframework.data.keyvalue.repository.KeyValueRepository
2025-12-19 17:51:58.932 [main] INFO  o.s.d.r.c.RepositoryConfigurationDelegate - Finished Spring Data repository scanning in 29 ms. Found 0 Redis repository interfaces.
2025-12-19 17:52:00.830 [main] INFO  o.s.b.w.e.tomcat.TomcatWebServer - Tomcat initialized with port 8080 (http)
2025-12-19 17:52:00.880 [main] INFO  o.a.coyote.http11.Http11NioProtocol - Initializing ProtocolHandler ["http-nio-8080"]
2025-12-19 17:52:00.888 [main] INFO  o.a.catalina.core.StandardService - Starting service [Tomcat]
2025-12-19 17:52:00.890 [main] INFO  o.a.catalina.core.StandardEngine - Starting Servlet engine: [Apache Tomcat/10.1.46]
2025-12-19 17:52:01.112 [main] INFO  o.a.c.c.C.[Tomcat].[localhost].[/] - Initializing Spring embedded WebApplicationContext
2025-12-19 17:52:01.112 [main] INFO  o.s.b.w.s.c.ServletWebServerApplicationContext - Root WebApplicationContext: initialization completed in 6247 ms
2025-12-19 17:52:01.853 [main] INFO  com.zaxxer.hikari.HikariDataSource - HikariPool-1 - Starting...
2025-12-19 17:52:02.777 [main] INFO  com.zaxxer.hikari.pool.HikariPool - HikariPool-1 - Added connection org.postgresql.jdbc.PgConnection@28f90752
2025-12-19 17:52:02.786 [main] INFO  com.zaxxer.hikari.HikariDataSource - HikariPool-1 - Start completed.
2025-12-19 17:52:03.486 [main] INFO  liquibase.database - Set default schema name to public
2025-12-19 17:52:04.055 [main] INFO  liquibase.changelog - Reading resource: liquibase/1/1.0-create-customer-table.yml
2025-12-19 17:52:04.627 [main] INFO  liquibase.changelog - Reading resource: liquibase/1/2.0-create-account-table.yml
2025-12-19 17:52:04.674 [main] INFO  liquibase.changelog - Reading resource: liquibase/1/3.0-creat-card-table.yml
2025-12-19 17:52:04.713 [main] INFO  liquibase.changelog - Reading resource: liquibase/1/4.0-creat-employees-table.yml
2025-12-19 17:52:04.747 [main] INFO  liquibase.changelog - Reading resource: liquibase/1/5.0-creat-transaction-table.yml
2025-12-19 17:52:04.785 [main] INFO  liquibase.changelog - Reading resource: liquibase/1/6.0-creat-loans-table.yml
2025-12-19 17:52:05.379 [main] INFO  liquibase.changelog - Reading from public.databasechangelog
2025-12-19 17:52:06.076 [main] INFO  liquibase.changelog - Reading from public.databasechangelog
2025-12-19 17:52:06.136 [main] INFO  liquibase.util - UPDATE SUMMARY
2025-12-19 17:52:06.136 [main] INFO  liquibase.util - Run:                          0
2025-12-19 17:52:06.136 [main] INFO  liquibase.util - Previously run:               6
2025-12-19 17:52:06.136 [main] INFO  liquibase.util - Filtered out:                 0
2025-12-19 17:52:06.136 [main] INFO  liquibase.util - -------------------------------
2025-12-19 17:52:06.136 [main] INFO  liquibase.util - Total change sets:            6
2025-12-19 17:52:06.136 [main] INFO  liquibase.util - Update summary generated
2025-12-19 17:52:06.526 [main] INFO  liquibase.lockservice - Successfully released change log lock
2025-12-19 17:52:06.539 [main] INFO  liquibase.command - Command execution complete
2025-12-19 17:52:06.893 [main] INFO  o.h.jpa.internal.util.LogHelper - HHH000204: Processing PersistenceUnitInfo [name: default]
2025-12-19 17:52:07.129 [main] INFO  org.hibernate.Version - HHH000412: Hibernate ORM core version 6.6.29.Final
2025-12-19 17:52:07.300 [main] INFO  o.h.c.i.RegionFactoryInitiator - HHH000026: Second-level cache disabled
2025-12-19 17:52:08.584 [main] INFO  o.s.o.j.p.SpringPersistenceUnitInfo - No LoadTimeWeaver setup: ignoring JPA class transformer
2025-12-19 17:52:08.898 [main] INFO  o.hibernate.orm.connections.pooling - HHH10001005: Database info:
	Database JDBC URL [Connecting through datasource 'HikariDataSource (HikariPool-1)']
	Database driver: undefined/unknown
	Database version: 18.0
	Autocommit mode: undefined/unknown
	Isolation level: undefined/unknown
	Minimum pool size: undefined/unknown
	Maximum pool size: undefined/unknown
2025-12-19 17:52:13.021 [main] INFO  o.h.e.t.j.p.i.JtaPlatformInitiator - HHH000489: No JTA platform available (set 'hibernate.transaction.jta.platform' to enable JTA platform integration)
2025-12-19 17:52:13.031 [main] INFO  o.s.o.j.LocalContainerEntityManagerFactoryBean - Initialized JPA EntityManagerFactory for persistence unit 'default'
2025-12-19 17:52:14.027 [main] INFO  o.s.d.j.r.query.QueryEnhancerFactory - Hibernate is in classpath; If applicable, HQL parser will be used.
2025-12-19 17:52:20.327 [main] WARN  o.s.b.a.s.s.UserDetailsServiceAutoConfiguration - 

Using generated security password: 1810585f-06e1-407b-bc35-b4b756e830d4

This generated password is for development use only. Your security configuration must be updated before running your application in production.

2025-12-19 17:52:20.359 [main] INFO  o.s.s.c.a.a.c.InitializeUserDetailsBeanManagerConfigurer$InitializeUserDetailsManagerConfigurer - Global AuthenticationManager configured with UserDetailsService bean with name inMemoryUserDetailsManager
2025-12-19 17:52:23.846 [main] INFO  o.a.coyote.http11.Http11NioProtocol - Starting ProtocolHandler ["http-nio-8080"]
2025-12-19 17:52:23.952 [main] INFO  o.s.b.w.e.tomcat.TomcatWebServer - Tomcat started on port 8080 (http) with context path '/'
2025-12-19 17:52:23.968 [main] INFO  a.b.b.BankManagementSystemApplication - Started BankManagementSystemApplication in 31.907 seconds (process running for 35.885)
2025-12-19 17:52:24.244 [http-nio-8080-exec-1] INFO  o.a.c.c.C.[Tomcat].[localhost].[/] - Initializing Spring DispatcherServlet 'dispatcherServlet'
2025-12-19 17:52:24.244 [http-nio-8080-exec-1] INFO  o.s.web.servlet.DispatcherServlet - Initializing Servlet 'dispatcherServlet'
2025-12-19 17:52:24.252 [http-nio-8080-exec-1] INFO  o.s.web.servlet.DispatcherServlet - Completed initialization in 8 ms
2025-12-19 18:03:56.454 [HikariPool-1:housekeeper] WARN  com.zaxxer.hikari.pool.PoolBase - HikariPool-1 - Failed to validate connection org.postgresql.jdbc.PgConnection@630a4604 (This connection has been closed.). Possibly consider using a shorter maxLifetime value.
2025-12-19 20:04:36.953 [SpringApplicationShutdownHook] INFO  o.s.b.w.e.tomcat.GracefulShutdown - Commencing graceful shutdown. Waiting for active requests to complete
2025-12-19 20:04:37.055 [tomcat-shutdown] INFO  o.s.b.w.e.tomcat.GracefulShutdown - Graceful shutdown complete
2025-12-19 20:04:37.538 [SpringApplicationShutdownHook] INFO  o.s.o.j.LocalContainerEntityManagerFactoryBean - Closing JPA EntityManagerFactory for persistence unit 'default'
2025-12-19 20:04:37.609 [SpringApplicationShutdownHook] INFO  com.zaxxer.hikari.HikariDataSource - HikariPool-1 - Shutdown initiated...
2025-12-19 20:04:37.633 [SpringApplicationShutdownHook] INFO  com.zaxxer.hikari.HikariDataSource - HikariPool-1 - Shutdown completed.
